Using pre-set license
Built from '2021.3/staging' branch; Version is '2021.3.16f1 (4016570cf34f) revision 4200023'; Using compiler version '192829333'; Build Type 'Release'
OS: 'Windows 10  (10.0.19044) 64bit Professional' Language: 'tr' Physical Memory: 14188 MB
BatchMode: 1, IsHumanControllingUs: 0, StartBugReporterOnCrash: 0, Is64bit: 1, IsPro: 1

COMMAND LINE ARGUMENTS:
C:\Program Files\Unity\Hub\Editor\2021.3.16f1\Editor\Unity.exe
-adb2
-batchMode
-noUpm
-name
AssetImportWorker14
-projectPath
C:/Users/Egemen/Documents/GitHub/Unity-Shader-Collections/ShaderGraph
-logFile
Logs/AssetImportWorker14.log
-srvPort
57211
Successfully changed project path to: C:/Users/Egemen/Documents/GitHub/Unity-Shader-Collections/ShaderGraph
C:/Users/Egemen/Documents/GitHub/Unity-Shader-Collections/ShaderGraph
[UnityMemory] Configuration Parameters - Can be set up in boot.config
    "memorysetup-bucket-allocator-granularity=16"
    "memorysetup-bucket-allocator-bucket-count=8"
    "memorysetup-bucket-allocator-block-size=33554432"
    "memorysetup-bucket-allocator-block-count=8"
    "memorysetup-main-allocator-block-size=16777216"
    "memorysetup-thread-allocator-block-size=16777216"
    "memorysetup-gfx-main-allocator-block-size=16777216"
    "memorysetup-gfx-thread-allocator-block-size=16777216"
    "memorysetup-cache-allocator-block-size=4194304"
    "memorysetup-typetree-allocator-block-size=2097152"
    "memorysetup-profiler-bucket-allocator-granularity=16"
    "memorysetup-profiler-bucket-allocator-bucket-count=8"
    "memorysetup-profiler-bucket-allocator-block-size=33554432"
    "memorysetup-profiler-bucket-allocator-block-count=8"
    "memorysetup-profiler-allocator-block-size=16777216"
    "memorysetup-profiler-editor-allocator-block-size=1048576"
    "memorysetup-temp-allocator-size-main=16777216"
    "memorysetup-job-temp-allocator-block-size=2097152"
    "memorysetup-job-temp-allocator-block-size-background=1048576"
    "memorysetup-job-temp-allocator-reduction-small-platforms=262144"
    "memorysetup-temp-allocator-size-background-worker=32768"
    "memorysetup-temp-allocator-size-job-worker=262144"
    "memorysetup-temp-allocator-size-preload-manager=33554432"
    "memorysetup-temp-allocator-size-nav-mesh-worker=65536"
    "memorysetup-temp-allocator-size-audio-worker=65536"
    "memorysetup-temp-allocator-size-cloud-worker=32768"
    "memorysetup-temp-allocator-size-gi-baking-worker=262144"
    "memorysetup-temp-allocator-size-gfx=262144"
Player connection [22904] Host "[IP] 26.202.36.232 [Port] 0 [Flags] 2 [Guid] 124653255 [EditorId] 124653255 [Version] 1048832 [Id] WindowsEditor(7,DESKTOP-6NUMKD8) [Debug] 1 [PackageName] WindowsEditor [ProjectName] Editor" joined multi-casting on [225.0.0.222:54997]...

Player connection [22904] Host "[IP] 26.202.36.232 [Port] 0 [Flags] 2 [Guid] 124653255 [EditorId] 124653255 [Version] 1048832 [Id] WindowsEditor(7,DESKTOP-6NUMKD8) [Debug] 1 [PackageName] WindowsEditor [ProjectName] Editor" joined alternative multi-casting on [225.0.0.222:34997]...

Refreshing native plugins compatible for Editor in 174.97 ms, found 5 plugins.
Preloading 0 native plugins for Editor in 0.00 ms.
Initialize engine version: 2021.3.16f1 (4016570cf34f)
[Subsystems] Discovering subsystems at path C:/Program Files/Unity/Hub/Editor/2021.3.16f1/Editor/Data/Resources/UnitySubsystems
[Subsystems] Discovering subsystems at path C:/Users/Egemen/Documents/GitHub/Unity-Shader-Collections/ShaderGraph/Assets
GfxDevice: creating device client; threaded=0; jobified=0
Direct3D:
    Version:  Direct3D 11.0 [level 11.1]
    Renderer: NVIDIA GeForce RTX 3050 Ti Laptop GPU (ID=0x25a0)
    Vendor:   NVIDIA
    VRAM:     3978 MB
    Driver:   31.0.15.2824
Initialize mono
Mono path[0] = 'C:/Program Files/Unity/Hub/Editor/2021.3.16f1/Editor/Data/Managed'
Mono path[1] = 'C:/Program Files/Unity/Hub/Editor/2021.3.16f1/Editor/Data/MonoBleedingEdge/lib/mono/unityjit-win32'
Mono config path = 'C:/Program Files/Unity/Hub/Editor/2021.3.16f1/Editor/Data/MonoBleedingEdge/etc'
Using monoOptions --debugger-agent=transport=dt_socket,embedding=1,server=y,suspend=n,address=127.0.0.1:56732
Begin MonoManager ReloadAssembly
Registering precompiled unity dll's ...
Register platform support module: C:/Program Files/Unity/Hub/Editor/2021.3.16f1/Editor/Data/PlaybackEngines/WebGLSupport/UnityEditor.WebGL.Extensions.dll
Register platform support module: C:/Program Files/Unity/Hub/Editor/2021.3.16f1/Editor/Data/PlaybackEngines/WindowsStandaloneSupport/UnityEditor.WindowsStandalone.Extensions.dll
Registered in 0.009752 seconds.
Native extension for WindowsStandalone target not found
Native extension for WebGL target not found
Refreshing native plugins compatible for Editor in 144.54 ms, found 5 plugins.
Preloading 0 native plugins for Editor in 0.00 ms.
Mono: successfully reloaded assembly
- Completed reload, in  0.912 seconds
Domain Reload Profiling:
	ReloadAssembly (913ms)
		BeginReloadAssembly (104ms)
			ExecutionOrderSort (0ms)
			DisableScriptedObjects (0ms)
			BackupInstance (0ms)
			ReleaseScriptingObjects (0ms)
			CreateAndSetChildDomain (1ms)
		EndReloadAssembly (662ms)
			LoadAssemblies (101ms)
			RebuildTransferFunctionScriptingTraits (0ms)
			SetupTypeCache (183ms)
			ReleaseScriptCaches (0ms)
			RebuildScriptCaches (33ms)
			SetupLoadedEditorAssemblies (383ms)
				LogAssemblyErrors (0ms)
				InitializePlatformSupportModulesInManaged (12ms)
				SetLoadedEditorAssemblies (0ms)
				RefreshPlugins (145ms)
				BeforeProcessingInitializeOnLoad (2ms)
				ProcessInitializeOnLoadAttributes (164ms)
				ProcessInitializeOnLoadMethodAttributes (61ms)
				AfterProcessingInitializeOnLoad (0ms)
				EditorAssembliesLoaded (0ms)
			ExecutionOrderSort2 (0ms)
			AwakeInstancesAfterBackupRestoration (0ms)
Platform modules already initialized, skipping
Registering precompiled user dll's ...
Registered in 0.007590 seconds.
Begin MonoManager ReloadAssembly
Symbol file LoadedFromMemory doesn't match image C:\Users\Egemen\Documents\GitHub\Unity-Shader-Collections\ShaderGraph\Library\PackageCache\com.unity.visualscripting@1.7.8\Editor\VisualScripting.Core\Dependencies\YamlDotNet\Unity.VisualScripting.YamlDotNet.dll
Symbol file LoadedFromMemory doesn't match image C:\Users\Egemen\Documents\GitHub\Unity-Shader-Collections\ShaderGraph\Library\PackageCache\com.unity.visualscripting@1.7.8\Editor\VisualScripting.Core\Dependencies\DotNetZip\Unity.VisualScripting.IonicZip.dll
Native extension for WindowsStandalone target not found
Native extension for WebGL target not found
Refreshing native plugins compatible for Editor in 155.54 ms, found 5 plugins.
Preloading 0 native plugins for Editor in 0.00 ms.
Mono: successfully reloaded assembly
- Completed reload, in  2.042 seconds
Domain Reload Profiling:
	ReloadAssembly (2043ms)
		BeginReloadAssembly (169ms)
			ExecutionOrderSort (0ms)
			DisableScriptedObjects (7ms)
			BackupInstance (0ms)
			ReleaseScriptingObjects (0ms)
			CreateAndSetChildDomain (36ms)
		EndReloadAssembly (1702ms)
			LoadAssemblies (144ms)
			RebuildTransferFunctionScriptingTraits (0ms)
			SetupTypeCache (472ms)
			ReleaseScriptCaches (2ms)
			RebuildScriptCaches (120ms)
			SetupLoadedEditorAssemblies (886ms)
				LogAssemblyErrors (0ms)
				InitializePlatformSupportModulesInManaged (10ms)
				SetLoadedEditorAssemblies (0ms)
				RefreshPlugins (156ms)
				BeforeProcessingInitializeOnLoad (183ms)
				ProcessInitializeOnLoadAttributes (412ms)
				ProcessInitializeOnLoadMethodAttributes (114ms)
				AfterProcessingInitializeOnLoad (11ms)
				EditorAssembliesLoaded (0ms)
			ExecutionOrderSort2 (0ms)
			AwakeInstancesAfterBackupRestoration (10ms)
Platform modules already initialized, skipping
========================================================================
Worker process is ready to serve import requests
Launched and connected shader compiler UnityShaderCompiler.exe after 0.07 seconds
Refreshing native plugins compatible for Editor in 5.98 ms, found 5 plugins.
Preloading 0 native plugins for Editor in 0.00 ms.
Unloading 5184 Unused Serialized files (Serialized files now loaded: 0)
Unloading 43 unused Assets / (2.3 MB). Loaded Objects now: 5634.
Memory consumption went from 260.4 MB to 258.1 MB.
Total: 5.804300 ms (FindLiveObjects: 0.760400 ms CreateObjectMapping: 0.573800 ms MarkObjects: 3.564100 ms  DeleteObjects: 0.904800 ms)

AssetImportParameters requested are different than current active one (requested -> active):
  custom:video-decoder-ogg-theora: a1e56fd34408186e4bbccfd4996cb3dc -> 
  custom:container-muxer-webm: aa71ff27fc2769a1b78a27578f13a17b -> 
  custom:container-demuxer-webm: 4f35f7cbe854078d1ac9338744f61a02 -> 
  custom:video-encoder-webm-vp8: eb34c28f22e8b96e1ab97ce403110664 -> 
  custom:audio-encoder-webm-vorbis: bf7c407c2cedff20999df2af8eb42d56 -> 
  custom:framework-win-MediaFoundation: 216162199b28c13a410421893ffa2e32 -> 
  custom:container-demuxer-ogg: 62fdf1f143b41e24485cea50d1cbac27 -> 
  custom:video-decoder-webm-vp8: 9c59270c3fd7afecdb556c50c9e8de78 -> 
  custom:audio-decoder-ogg-vorbis: bf7c407c2cedff20999df2af8eb42d56 -> 
========================================================================
Received Import Request.
  Time since last request: 164476.838943 seconds.
  path: Assets/Epic Toon FX/Materials/Misc/Emojis/Part 1/em_happy.mat
  artifactKey: Guid(d12b019f745e4c749b58d4ece3615fae) Importer(815301076,1909f56bfc062723c751e8b465ee728b)
Start importing Assets/Epic Toon FX/Materials/Misc/Emojis/Part 1/em_happy.mat using Guid(d12b019f745e4c749b58d4ece3615fae) Importer(815301076,1909f56bfc062723c751e8b465ee728b)  -> (artifact id: '508429e9c9f63d7a4a141a21e6961391') in 0.185209 seconds 
========================================================================
Received Import Request.
  Time since last request: 0.000038 seconds.
  path: Assets/Epic Toon FX/Demo/Materials/Bullet Surfaces/dev_material_metal.mat
  artifactKey: Guid(fb90395010f22524794dc0fa4209a0ee) Importer(815301076,1909f56bfc062723c751e8b465ee728b)
Start importing Assets/Epic Toon FX/Demo/Materials/Bullet Surfaces/dev_material_metal.mat using Guid(fb90395010f22524794dc0fa4209a0ee) Importer(815301076,1909f56bfc062723c751e8b465ee728b)  -> (artifact id: '793de13fe83993bd545a4f4d4920b4bb') in 0.035873 seconds 
========================================================================
Received Import Request.
  Time since last request: 0.000258 seconds.
  path: Assets/Epic Toon FX/Demo/Materials/Bullet Surfaces/dev_material_wood.mat
  artifactKey: Guid(c490a606988128d499f7f5e1800a5606) Importer(815301076,1909f56bfc062723c751e8b465ee728b)
Start importing Assets/Epic Toon FX/Demo/Materials/Bullet Surfaces/dev_material_wood.mat using Guid(c490a606988128d499f7f5e1800a5606) Importer(815301076,1909f56bfc062723c751e8b465ee728b)  -> (artifact id: '229a3bb28111a2872c9d7ff11058ec9e') in 0.019936 seconds 
========================================================================
Received Import Request.
  Time since last request: 0.000042 seconds.
  path: Assets/Epic Toon FX/Demo/Materials/Bullet Surfaces/dev_material_stone.mat
  artifactKey: Guid(b796cbae36aa7904481d410f68c9c9d2) Importer(815301076,1909f56bfc062723c751e8b465ee728b)
Start importing Assets/Epic Toon FX/Demo/Materials/Bullet Surfaces/dev_material_stone.mat using Guid(b796cbae36aa7904481d410f68c9c9d2) Importer(815301076,1909f56bfc062723c751e8b465ee728b)  -> (artifact id: 'aa9b3dfc4cbe6b25a57a951be1a3a785') in 0.021838 seconds 
========================================================================
Received Import Request.
  Time since last request: 0.000025 seconds.
  path: Assets/Epic Toon FX/Materials/Misc/Emojis/Part 1/em_laughsweatdrop.mat
  artifactKey: Guid(5a1f696c767421147bad0bc8af0b60e6) Importer(815301076,1909f56bfc062723c751e8b465ee728b)
Start importing Assets/Epic Toon FX/Materials/Misc/Emojis/Part 1/em_laughsweatdrop.mat using Guid(5a1f696c767421147bad0bc8af0b60e6) Importer(815301076,1909f56bfc062723c751e8b465ee728b)  -> (artifact id: 'e0152d053ecde2963274d094a167b7c8') in 0.017442 seconds 
========================================================================
Received Import Request.
  Time since last request: 0.000074 seconds.
  path: Assets/Epic Toon FX/Materials/Misc/Emojis/Part 2/em_derpgasp.mat
  artifactKey: Guid(d3886c7ed9f641a44b5687e3965c2450) Importer(815301076,1909f56bfc062723c751e8b465ee728b)
Start importing Assets/Epic Toon FX/Materials/Misc/Emojis/Part 2/em_derpgasp.mat using Guid(d3886c7ed9f641a44b5687e3965c2450) Importer(815301076,1909f56bfc062723c751e8b465ee728b)  -> (artifact id: 'f00955f750678ede58eb48bcb320616c') in 0.022540 seconds 
========================================================================
Received Import Request.
  Time since last request: 0.000029 seconds.
  path: Assets/Epic Toon FX/Materials/Misc/Emojis/Part 1/em_cry.mat
  artifactKey: Guid(c98e44ac41ae3d541863cc2a3dc1596b) Importer(815301076,1909f56bfc062723c751e8b465ee728b)
Start importing Assets/Epic Toon FX/Materials/Misc/Emojis/Part 1/em_cry.mat using Guid(c98e44ac41ae3d541863cc2a3dc1596b) Importer(815301076,1909f56bfc062723c751e8b465ee728b)  -> (artifact id: 'd55146167b77546fa2eadc72087c28a1') in 0.018752 seconds 
========================================================================
Received Import Request.
  Time since last request: 0.000031 seconds.
  path: Assets/Epic Toon FX/Demo/Materials/dev_miniscene.mat
  artifactKey: Guid(280a0e35d3adc8e4586cf6f2a28b8b7e) Importer(815301076,1909f56bfc062723c751e8b465ee728b)
Start importing Assets/Epic Toon FX/Demo/Materials/dev_miniscene.mat using Guid(280a0e35d3adc8e4586cf6f2a28b8b7e) Importer(815301076,1909f56bfc062723c751e8b465ee728b)  -> (artifact id: '68086df3eb8768ad4a7ac8b28f3ec2aa') in 0.020224 seconds 
========================================================================
Received Import Request.
  Time since last request: 0.000037 seconds.
  path: Assets/Epic Toon FX/Materials/Misc/Emojis/Part 2/em_kissyface.mat
  artifactKey: Guid(a3fc86cbfbd51e2428cb0d2db2cea325) Importer(815301076,1909f56bfc062723c751e8b465ee728b)
Start importing Assets/Epic Toon FX/Materials/Misc/Emojis/Part 2/em_kissyface.mat using Guid(a3fc86cbfbd51e2428cb0d2db2cea325) Importer(815301076,1909f56bfc062723c751e8b465ee728b)  -> (artifact id: 'f6b0c4a1122e9054bbd652cba8537e88') in 0.028275 seconds 
========================================================================
Received Import Request.
  Time since last request: 0.000097 seconds.
  path: Assets/Epic Toon FX/Materials/Misc/Emojis/Part 1/em_disappoint.mat
  artifactKey: Guid(b0345d6b496b88744a4fe169db3b58c0) Importer(815301076,1909f56bfc062723c751e8b465ee728b)
Start importing Assets/Epic Toon FX/Materials/Misc/Emojis/Part 1/em_disappoint.mat using Guid(b0345d6b496b88744a4fe169db3b58c0) Importer(815301076,1909f56bfc062723c751e8b465ee728b)  -> (artifact id: 'd6b0f088a003f1a39f9c7fb8cbe553cc') in 0.023863 seconds 
========================================================================
Received Import Request.
  Time since last request: 0.000068 seconds.
  path: Assets/Epic Toon FX/Demo/Materials/Bullet Surfaces/dev_material_glass.mat
  artifactKey: Guid(e05dfd819462e1142b6bf5a5e43d7050) Importer(815301076,1909f56bfc062723c751e8b465ee728b)
Start importing Assets/Epic Toon FX/Demo/Materials/Bullet Surfaces/dev_material_glass.mat using Guid(e05dfd819462e1142b6bf5a5e43d7050) Importer(815301076,1909f56bfc062723c751e8b465ee728b)  -> (artifact id: '3deb12b3cc0a8e2aa8314bf94ded9bd1') in 0.016687 seconds 
========================================================================
Received Import Request.
  Time since last request: 0.017177 seconds.
  path: Assets/Epic Toon FX/Materials/Misc/Decals/decal_gibs_AB.mat
  artifactKey: Guid(4feedb05f33786a41a00ff08bb601fd6) Importer(815301076,1909f56bfc062723c751e8b465ee728b)
Start importing Assets/Epic Toon FX/Materials/Misc/Decals/decal_gibs_AB.mat using Guid(4feedb05f33786a41a00ff08bb601fd6) Importer(815301076,1909f56bfc062723c751e8b465ee728b)  -> (artifact id: '2dd6f6cff8d17844f47675a3c5f05751') in 0.023723 seconds 
========================================================================
Received Import Request.
  Time since last request: 0.000023 seconds.
  path: Assets/Epic Toon FX/Demo/Materials/dev_big.mat
  artifactKey: Guid(bcd2a1af41f54b744888194c97aa080b) Importer(815301076,1909f56bfc062723c751e8b465ee728b)
Start importing Assets/Epic Toon FX/Demo/Materials/dev_big.mat using Guid(bcd2a1af41f54b744888194c97aa080b) Importer(815301076,1909f56bfc062723c751e8b465ee728b)  -> (artifact id: 'a85252d8cf24833fa869343106dfebac') in 0.019581 seconds 
========================================================================
Received Import Request.
  Time since last request: 0.000017 seconds.
  path: Assets/Epic Toon FX/Materials/Basics/circlestretchy_AB.mat
  artifactKey: Guid(c69a36694c3d44847ae1097a253e3d56) Importer(815301076,1909f56bfc062723c751e8b465ee728b)
Start importing Assets/Epic Toon FX/Materials/Basics/circlestretchy_AB.mat using Guid(c69a36694c3d44847ae1097a253e3d56) Importer(815301076,1909f56bfc062723c751e8b465ee728b)  -> (artifact id: '77bc2c0776ff445946f4a6c4bd2bbb62') in 0.021982 seconds 
========================================================================
Received Import Request.
  Time since last request: 0.000023 seconds.
  path: Assets/Epic Toon FX/Materials/Basics/circle_ADD.mat
  artifactKey: Guid(4bf10d94145fd6c4187c18de0af92e43) Importer(815301076,1909f56bfc062723c751e8b465ee728b)
Start importing Assets/Epic Toon FX/Materials/Basics/circle_ADD.mat using Guid(4bf10d94145fd6c4187c18de0af92e43) Importer(815301076,1909f56bfc062723c751e8b465ee728b)  -> (artifact id: '0fbdfad17a145a8277132b485b4afafa') in 0.023733 seconds 
========================================================================
Received Import Request.
  Time since last request: 0.000030 seconds.
  path: Assets/Epic Toon FX/Materials/Basics/cloud_2x2_soft_AB.mat
  artifactKey: Guid(719f8d52fe2e6b444b41c2f7a8fe587b) Importer(815301076,1909f56bfc062723c751e8b465ee728b)
Start importing Assets/Epic Toon FX/Materials/Basics/cloud_2x2_soft_AB.mat using Guid(719f8d52fe2e6b444b41c2f7a8fe587b) Importer(815301076,1909f56bfc062723c751e8b465ee728b)  -> (artifact id: '25a4b7f6b35986cfe67fae05130a6a79') in 0.020893 seconds 
========================================================================
Received Import Request.
  Time since last request: 0.000074 seconds.
  path: Assets/Epic Toon FX/Materials/Misc/Fire/candle_soft2_AB.mat
  artifactKey: Guid(b8e35fd03444c1447a83f6f29a63b1d0) Importer(815301076,1909f56bfc062723c751e8b465ee728b)
Start importing Assets/Epic Toon FX/Materials/Misc/Fire/candle_soft2_AB.mat using Guid(b8e35fd03444c1447a83f6f29a63b1d0) Importer(815301076,1909f56bfc062723c751e8b465ee728b)  -> (artifact id: 'cceebfa9c31788e1fe475fafa5eedb3b') in 0.020973 seconds 
========================================================================
Received Import Request.
  Time since last request: 0.000031 seconds.
  path: Assets/Epic Toon FX/Materials/Misc/Fire/candle_soft_AB.mat
  artifactKey: Guid(fa8a93d50e2f83b428d329d3aea4da8b) Importer(815301076,1909f56bfc062723c751e8b465ee728b)
Start importing Assets/Epic Toon FX/Materials/Misc/Fire/candle_soft_AB.mat using Guid(fa8a93d50e2f83b428d329d3aea4da8b) Importer(815301076,1909f56bfc062723c751e8b465ee728b)  -> (artifact id: 'd71a6d4e0028a31c4a2f406becd52c0d') in 0.025236 seconds 
========================================================================
Received Import Request.
  Time since last request: 0.000069 seconds.
  path: Assets/Epic Toon FX/Materials/Basics/cloud_2x2_default_AB.mat
  artifactKey: Guid(d386c5d9fb941e845b73fe6da5491ef2) Importer(815301076,1909f56bfc062723c751e8b465ee728b)
Start importing Assets/Epic Toon FX/Materials/Basics/cloud_2x2_default_AB.mat using Guid(d386c5d9fb941e845b73fe6da5491ef2) Importer(815301076,1909f56bfc062723c751e8b465ee728b)  -> (artifact id: '99a42851e9611daef1c9b5f33c690806') in 0.017048 seconds 
========================================================================
Received Import Request.
  Time since last request: 0.072609 seconds.
  path: Assets/FireFlameShader/Materials/DawnBreaker/blinn8.mat
  artifactKey: Guid(96aea0d142ab9b543853999667dbf449) Importer(815301076,1909f56bfc062723c751e8b465ee728b)
Start importing Assets/FireFlameShader/Materials/DawnBreaker/blinn8.mat using Guid(96aea0d142ab9b543853999667dbf449) Importer(815301076,1909f56bfc062723c751e8b465ee728b)  -> (artifact id: '29a86181b9b51a28322d6022c53220ed') in 0.023690 seconds 
========================================================================
Received Import Request.
  Time since last request: 0.000042 seconds.
  path: Assets/FireFlameShader/Materials/DawnBreaker/blinn9.mat
  artifactKey: Guid(7a63a6fa5ca6c354b8d3339b9d6c3da6) Importer(815301076,1909f56bfc062723c751e8b465ee728b)
Start importing Assets/FireFlameShader/Materials/DawnBreaker/blinn9.mat using Guid(7a63a6fa5ca6c354b8d3339b9d6c3da6) Importer(815301076,1909f56bfc062723c751e8b465ee728b)  -> (artifact id: '474defbcbb248c826a128fd981f71caa') in 0.026123 seconds 
========================================================================
Received Import Request.
  Time since last request: 0.000041 seconds.
  path: Assets/Epic Toon FX/Materials/Misc/Magic/aura_vertical_ADD.mat
  artifactKey: Guid(a3706764c40746746934f5d22917b0a1) Importer(815301076,1909f56bfc062723c751e8b465ee728b)
Start importing Assets/Epic Toon FX/Materials/Misc/Magic/aura_vertical_ADD.mat using Guid(a3706764c40746746934f5d22917b0a1) Importer(815301076,1909f56bfc062723c751e8b465ee728b)  -> (artifact id: 'cac37ac29e581b96792c1ff6d2392a0f') in 0.023468 seconds 
========================================================================
Received Import Request.
  Time since last request: 0.000036 seconds.
  path: Assets/FireFlameShader/Materials/DawnBreaker/blinn5.mat
  artifactKey: Guid(289e3e78f7ced8241812076931f57d09) Importer(815301076,1909f56bfc062723c751e8b465ee728b)
Start importing Assets/FireFlameShader/Materials/DawnBreaker/blinn5.mat using Guid(289e3e78f7ced8241812076931f57d09) Importer(815301076,1909f56bfc062723c751e8b465ee728b)  -> (artifact id: '4683e121f0984557453eb56e586a0b49') in 0.024275 seconds 
========================================================================
Received Import Request.
  Time since last request: 0.000034 seconds.
  path: Assets/Epic Toon FX/Models/Materials/ARPG FX.mat
  artifactKey: Guid(c1fbf29c3414b4f50971543458cfab54) Importer(815301076,1909f56bfc062723c751e8b465ee728b)
Start importing Assets/Epic Toon FX/Models/Materials/ARPG FX.mat using Guid(c1fbf29c3414b4f50971543458cfab54) Importer(815301076,1909f56bfc062723c751e8b465ee728b)  -> (artifact id: 'b80c7d242ad002da48003aac7b17aed6') in 0.013875 seconds 
Editor requested this worker to shutdown with reason: Scaling down because of idle timeout
AssetImportWorker is now disconnected from the server
Process exiting
Exiting without the bug reporter. Application will terminate with return code 0