Using pre-set license
Built from '2021.3/staging' branch; Version is '2021.3.16f1 (4016570cf34f) revision 4200023'; Using compiler version '192829333'; Build Type 'Release'
OS: 'Windows 10  (10.0.19044) 64bit Professional' Language: 'tr' Physical Memory: 14188 MB
BatchMode: 1, IsHumanControllingUs: 0, StartBugReporterOnCrash: 0, Is64bit: 1, IsPro: 1

COMMAND LINE ARGUMENTS:
C:\Program Files\Unity\Hub\Editor\2021.3.16f1\Editor\Unity.exe
-adb2
-batchMode
-noUpm
-name
AssetImportWorker6
-projectPath
C:/Users/Egemen/Documents/GitHub/Unity-Shader-Collections/ShaderGraph
-logFile
Logs/AssetImportWorker6.log
-srvPort
57211
Successfully changed project path to: C:/Users/Egemen/Documents/GitHub/Unity-Shader-Collections/ShaderGraph
C:/Users/Egemen/Documents/GitHub/Unity-Shader-Collections/ShaderGraph
[UnityMemory] Configuration Parameters - Can be set up in boot.config
    "memorysetup-bucket-allocator-granularity=16"
    "memorysetup-bucket-allocator-bucket-count=8"
    "memorysetup-bucket-allocator-block-size=33554432"
    "memorysetup-bucket-allocator-block-count=8"
    "memorysetup-main-allocator-block-size=16777216"
    "memorysetup-thread-allocator-block-size=16777216"
    "memorysetup-gfx-main-allocator-block-size=16777216"
    "memorysetup-gfx-thread-allocator-block-size=16777216"
    "memorysetup-cache-allocator-block-size=4194304"
    "memorysetup-typetree-allocator-block-size=2097152"
    "memorysetup-profiler-bucket-allocator-granularity=16"
    "memorysetup-profiler-bucket-allocator-bucket-count=8"
    "memorysetup-profiler-bucket-allocator-block-size=33554432"
    "memorysetup-profiler-bucket-allocator-block-count=8"
    "memorysetup-profiler-allocator-block-size=16777216"
    "memorysetup-profiler-editor-allocator-block-size=1048576"
    "memorysetup-temp-allocator-size-main=16777216"
    "memorysetup-job-temp-allocator-block-size=2097152"
    "memorysetup-job-temp-allocator-block-size-background=1048576"
    "memorysetup-job-temp-allocator-reduction-small-platforms=262144"
    "memorysetup-temp-allocator-size-background-worker=32768"
    "memorysetup-temp-allocator-size-job-worker=262144"
    "memorysetup-temp-allocator-size-preload-manager=33554432"
    "memorysetup-temp-allocator-size-nav-mesh-worker=65536"
    "memorysetup-temp-allocator-size-audio-worker=65536"
    "memorysetup-temp-allocator-size-cloud-worker=32768"
    "memorysetup-temp-allocator-size-gi-baking-worker=262144"
    "memorysetup-temp-allocator-size-gfx=262144"
Player connection [6668] Host "[IP] 26.202.36.232 [Port] 0 [Flags] 2 [Guid] 2151200226 [EditorId] 2151200226 [Version] 1048832 [Id] WindowsEditor(7,DESKTOP-6NUMKD8) [Debug] 1 [PackageName] WindowsEditor [ProjectName] Editor" joined multi-casting on [225.0.0.222:54997]...

Player connection [6668] Host "[IP] 26.202.36.232 [Port] 0 [Flags] 2 [Guid] 2151200226 [EditorId] 2151200226 [Version] 1048832 [Id] WindowsEditor(7,DESKTOP-6NUMKD8) [Debug] 1 [PackageName] WindowsEditor [ProjectName] Editor" joined alternative multi-casting on [225.0.0.222:34997]...

Refreshing native plugins compatible for Editor in 115.18 ms, found 5 plugins.
Preloading 0 native plugins for Editor in 0.00 ms.
Initialize engine version: 2021.3.16f1 (4016570cf34f)
[Subsystems] Discovering subsystems at path C:/Program Files/Unity/Hub/Editor/2021.3.16f1/Editor/Data/Resources/UnitySubsystems
[Subsystems] Discovering subsystems at path C:/Users/Egemen/Documents/GitHub/Unity-Shader-Collections/ShaderGraph/Assets
GfxDevice: creating device client; threaded=0; jobified=0
Direct3D:
    Version:  Direct3D 11.0 [level 11.1]
    Renderer: NVIDIA GeForce RTX 3050 Ti Laptop GPU (ID=0x25a0)
    Vendor:   NVIDIA
    VRAM:     3978 MB
    Driver:   31.0.15.2824
Initialize mono
Mono path[0] = 'C:/Program Files/Unity/Hub/Editor/2021.3.16f1/Editor/Data/Managed'
Mono path[1] = 'C:/Program Files/Unity/Hub/Editor/2021.3.16f1/Editor/Data/MonoBleedingEdge/lib/mono/unityjit-win32'
Mono config path = 'C:/Program Files/Unity/Hub/Editor/2021.3.16f1/Editor/Data/MonoBleedingEdge/etc'
Using monoOptions --debugger-agent=transport=dt_socket,embedding=1,server=y,suspend=n,address=127.0.0.1:56176
Begin MonoManager ReloadAssembly
Registering precompiled unity dll's ...
Register platform support module: C:/Program Files/Unity/Hub/Editor/2021.3.16f1/Editor/Data/PlaybackEngines/WebGLSupport/UnityEditor.WebGL.Extensions.dll
Register platform support module: C:/Program Files/Unity/Hub/Editor/2021.3.16f1/Editor/Data/PlaybackEngines/WindowsStandaloneSupport/UnityEditor.WindowsStandalone.Extensions.dll
Registered in 0.007259 seconds.
Native extension for WindowsStandalone target not found
Native extension for WebGL target not found
Refreshing native plugins compatible for Editor in 80.27 ms, found 5 plugins.
Preloading 0 native plugins for Editor in 0.00 ms.
Mono: successfully reloaded assembly
- Completed reload, in  0.569 seconds
Domain Reload Profiling:
	ReloadAssembly (570ms)
		BeginReloadAssembly (65ms)
			ExecutionOrderSort (0ms)
			DisableScriptedObjects (0ms)
			BackupInstance (0ms)
			ReleaseScriptingObjects (0ms)
			CreateAndSetChildDomain (1ms)
		EndReloadAssembly (403ms)
			LoadAssemblies (63ms)
			RebuildTransferFunctionScriptingTraits (0ms)
			SetupTypeCache (85ms)
			ReleaseScriptCaches (0ms)
			RebuildScriptCaches (23ms)
			SetupLoadedEditorAssemblies (247ms)
				LogAssemblyErrors (0ms)
				InitializePlatformSupportModulesInManaged (9ms)
				SetLoadedEditorAssemblies (0ms)
				RefreshPlugins (80ms)
				BeforeProcessingInitializeOnLoad (1ms)
				ProcessInitializeOnLoadAttributes (113ms)
				ProcessInitializeOnLoadMethodAttributes (44ms)
				AfterProcessingInitializeOnLoad (0ms)
				EditorAssembliesLoaded (0ms)
			ExecutionOrderSort2 (0ms)
			AwakeInstancesAfterBackupRestoration (0ms)
Platform modules already initialized, skipping
Registering precompiled user dll's ...
Registered in 0.008421 seconds.
Begin MonoManager ReloadAssembly
Symbol file LoadedFromMemory doesn't match image C:\Users\Egemen\Documents\GitHub\Unity-Shader-Collections\ShaderGraph\Library\PackageCache\com.unity.visualscripting@1.7.8\Editor\VisualScripting.Core\Dependencies\YamlDotNet\Unity.VisualScripting.YamlDotNet.dll
Symbol file LoadedFromMemory doesn't match image C:\Users\Egemen\Documents\GitHub\Unity-Shader-Collections\ShaderGraph\Library\PackageCache\com.unity.visualscripting@1.7.8\Editor\VisualScripting.Core\Dependencies\DotNetZip\Unity.VisualScripting.IonicZip.dll
Native extension for WindowsStandalone target not found
Native extension for WebGL target not found
Refreshing native plugins compatible for Editor in 79.89 ms, found 5 plugins.
Preloading 0 native plugins for Editor in 0.00 ms.
Mono: successfully reloaded assembly
- Completed reload, in  1.097 seconds
Domain Reload Profiling:
	ReloadAssembly (1098ms)
		BeginReloadAssembly (113ms)
			ExecutionOrderSort (0ms)
			DisableScriptedObjects (5ms)
			BackupInstance (0ms)
			ReleaseScriptingObjects (0ms)
			CreateAndSetChildDomain (20ms)
		EndReloadAssembly (882ms)
			LoadAssemblies (92ms)
			RebuildTransferFunctionScriptingTraits (0ms)
			SetupTypeCache (242ms)
			ReleaseScriptCaches (1ms)
			RebuildScriptCaches (50ms)
			SetupLoadedEditorAssemblies (471ms)
				LogAssemblyErrors (0ms)
				InitializePlatformSupportModulesInManaged (6ms)
				SetLoadedEditorAssemblies (0ms)
				RefreshPlugins (80ms)
				BeforeProcessingInitializeOnLoad (98ms)
				ProcessInitializeOnLoadAttributes (220ms)
				ProcessInitializeOnLoadMethodAttributes (60ms)
				AfterProcessingInitializeOnLoad (8ms)
				EditorAssembliesLoaded (0ms)
			ExecutionOrderSort2 (0ms)
			AwakeInstancesAfterBackupRestoration (5ms)
Platform modules already initialized, skipping
========================================================================
Worker process is ready to serve import requests
Launched and connected shader compiler UnityShaderCompiler.exe after 0.05 seconds
Refreshing native plugins compatible for Editor in 3.23 ms, found 5 plugins.
Preloading 0 native plugins for Editor in 0.00 ms.
Unloading 4600 Unused Serialized files (Serialized files now loaded: 0)
Unloading 42 unused Assets / (1.6 MB). Loaded Objects now: 5049.
Memory consumption went from 238.1 MB to 236.5 MB.
Total: 6.545000 ms (FindLiveObjects: 0.677100 ms CreateObjectMapping: 0.528300 ms MarkObjects: 4.691000 ms  DeleteObjects: 0.646500 ms)

AssetImportParameters requested are different than current active one (requested -> active):
  custom:video-decoder-ogg-theora: a1e56fd34408186e4bbccfd4996cb3dc -> 
  custom:container-muxer-webm: aa71ff27fc2769a1b78a27578f13a17b -> 
  custom:container-demuxer-webm: 4f35f7cbe854078d1ac9338744f61a02 -> 
  custom:video-encoder-webm-vp8: eb34c28f22e8b96e1ab97ce403110664 -> 
  custom:audio-encoder-webm-vorbis: bf7c407c2cedff20999df2af8eb42d56 -> 
  custom:framework-win-MediaFoundation: 216162199b28c13a410421893ffa2e32 -> 
  custom:container-demuxer-ogg: 62fdf1f143b41e24485cea50d1cbac27 -> 
  custom:video-decoder-webm-vp8: 9c59270c3fd7afecdb556c50c9e8de78 -> 
  custom:audio-decoder-ogg-vorbis: bf7c407c2cedff20999df2af8eb42d56 -> 
========================================================================
Received Import Request.
  Time since last request: 155416.941480 seconds.
  path: Assets/FireFlameShader/Models/materials/dawnbreaker_arms_normal.tga
  artifactKey: Guid(72effe45020b2f14bba070bfd503ff90) Importer(815301076,1909f56bfc062723c751e8b465ee728b)
Start importing Assets/FireFlameShader/Models/materials/dawnbreaker_arms_normal.tga using Guid(72effe45020b2f14bba070bfd503ff90) Importer(815301076,1909f56bfc062723c751e8b465ee728b)  -> (artifact id: 'a918b09ec16d989f31f61eed74904ca9') in 0.096210 seconds 
========================================================================
Received Import Request.
  Time since last request: 25.398387 seconds.
  path: Assets/FireFlameShader/Materials/DawnBreaker/blinn4.mat
  artifactKey: Guid(5079d1502afe6424489469696310e72c) Importer(815301076,1909f56bfc062723c751e8b465ee728b)
Start importing Assets/FireFlameShader/Materials/DawnBreaker/blinn4.mat using Guid(5079d1502afe6424489469696310e72c) Importer(815301076,1909f56bfc062723c751e8b465ee728b)  -> (artifact id: '8730eff8a485ed1c05467ced43c66e34') in 0.237573 seconds 
========================================================================
Received Import Request.
  Time since last request: 39.079859 seconds.
  path: Assets/FireFlameShader/Models/materials/base/__dawnbreaker_base_color1.tga
  artifactKey: Guid(b6a025fd3d25b534f988211779f0758d) Importer(815301076,1909f56bfc062723c751e8b465ee728b)
Start importing Assets/FireFlameShader/Models/materials/base/__dawnbreaker_base_color1.tga using Guid(b6a025fd3d25b534f988211779f0758d) Importer(815301076,1909f56bfc062723c751e8b465ee728b)  -> (artifact id: 'd502573072ca912f8a33e64b04b3946f') in 0.016624 seconds 
========================================================================
Received Import Request.
  Time since last request: 0.000019 seconds.
  path: Assets/FireFlameShader/Models/materials/base/__dawnbreaker_base_specularMask1.tga
  artifactKey: Guid(efc33cb981d09074b90a51056df76a50) Importer(815301076,1909f56bfc062723c751e8b465ee728b)
Start importing Assets/FireFlameShader/Models/materials/base/__dawnbreaker_base_specularMask1.tga using Guid(efc33cb981d09074b90a51056df76a50) Importer(815301076,1909f56bfc062723c751e8b465ee728b)  -> (artifact id: 'b26702b9673249b4bc7d9422c9085560') in 0.023443 seconds 
========================================================================
Received Import Request.
  Time since last request: 0.000027 seconds.
  path: Assets/FireFlameShader/Models/materials/base/__dawnbreaker_base_translucency.tga
  artifactKey: Guid(b3f076d8675c2bd4689ed938e9578dbf) Importer(815301076,1909f56bfc062723c751e8b465ee728b)
Start importing Assets/FireFlameShader/Models/materials/base/__dawnbreaker_base_translucency.tga using Guid(b3f076d8675c2bd4689ed938e9578dbf) Importer(815301076,1909f56bfc062723c751e8b465ee728b)  -> (artifact id: '1da6c262af3cb9e65252a41e59bc989d') in 0.013124 seconds 
========================================================================
Received Import Request.
  Time since last request: 0.000027 seconds.
  path: Assets/FireFlameShader/Models/materials/base/__dawnbreaker_base_specularMask.tga
  artifactKey: Guid(1e4087b25ed9f5842b25b90f41736492) Importer(815301076,1909f56bfc062723c751e8b465ee728b)
Start importing Assets/FireFlameShader/Models/materials/base/__dawnbreaker_base_specularMask.tga using Guid(1e4087b25ed9f5842b25b90f41736492) Importer(815301076,1909f56bfc062723c751e8b465ee728b)  -> (artifact id: '1f4673868e82d186d047c1d9df44fc2d') in 0.016471 seconds 
========================================================================
Received Import Request.
  Time since last request: 0.000030 seconds.
  path: Assets/FireFlameShader/Models/materials/base/__dawnbreaker_base_selfIllumMask1.tga
  artifactKey: Guid(fa65e12ec9014444485df8ce52ec3b5c) Importer(815301076,1909f56bfc062723c751e8b465ee728b)
Start importing Assets/FireFlameShader/Models/materials/base/__dawnbreaker_base_selfIllumMask1.tga using Guid(fa65e12ec9014444485df8ce52ec3b5c) Importer(815301076,1909f56bfc062723c751e8b465ee728b)  -> (artifact id: '64faf19851762916ffa15179e09f1c60') in 0.018354 seconds 
========================================================================
Received Import Request.
  Time since last request: 0.000022 seconds.
  path: Assets/FireFlameShader/Models/materials/base/__dawnbreaker_base_detail2.tga
  artifactKey: Guid(e2c2844eafcb8f24dbdd56e92ec64bda) Importer(815301076,1909f56bfc062723c751e8b465ee728b)
Start importing Assets/FireFlameShader/Models/materials/base/__dawnbreaker_base_detail2.tga using Guid(e2c2844eafcb8f24dbdd56e92ec64bda) Importer(815301076,1909f56bfc062723c751e8b465ee728b)  -> (artifact id: '6bb4c24892177b3f13e181ed5f31772f') in 0.012788 seconds 
========================================================================
Received Import Request.
  Time since last request: 0.000036 seconds.
  path: Assets/FireFlameShader/Models/materials/base/__dawnbreaker_base_specularExponent.tga
  artifactKey: Guid(ea2f21b9dc752d74e92c702efe342567) Importer(815301076,1909f56bfc062723c751e8b465ee728b)
Start importing Assets/FireFlameShader/Models/materials/base/__dawnbreaker_base_specularExponent.tga using Guid(ea2f21b9dc752d74e92c702efe342567) Importer(815301076,1909f56bfc062723c751e8b465ee728b)  -> (artifact id: 'e8674ccd04422f103a47f2aaf77c6608') in 0.016036 seconds 
========================================================================
Received Import Request.
  Time since last request: 0.000028 seconds.
  path: Assets/FireFlameShader/Models/materials/base/__dawnbreaker_base_detail.tga
  artifactKey: Guid(2505c8e9ac30d734b98bec9432c90b5d) Importer(815301076,1909f56bfc062723c751e8b465ee728b)
Start importing Assets/FireFlameShader/Models/materials/base/__dawnbreaker_base_detail.tga using Guid(2505c8e9ac30d734b98bec9432c90b5d) Importer(815301076,1909f56bfc062723c751e8b465ee728b)  -> (artifact id: '3cc48f0aeb65154da049ddfb10706818') in 0.013469 seconds 
Editor requested this worker to shutdown with reason: Scaling down because of idle timeout
AssetImportWorker is now disconnected from the server
Process exiting
Exiting without the bug reporter. Application will terminate with return code 0