Using pre-set license
Built from '2021.3/staging' branch; Version is '2021.3.16f1 (4016570cf34f) revision 4200023'; Using compiler version '192829333'; Build Type 'Release'
OS: 'Windows 10  (10.0.19044) 64bit Professional' Language: 'tr' Physical Memory: 14188 MB
BatchMode: 1, IsHumanControllingUs: 0, StartBugReporterOnCrash: 0, Is64bit: 1, IsPro: 1

COMMAND LINE ARGUMENTS:
C:\Program Files\Unity\Hub\Editor\2021.3.16f1\Editor\Unity.exe
-adb2
-batchMode
-noUpm
-name
AssetImportWorker5
-projectPath
C:/Users/Egemen/Documents/GitHub/Unity-Shader-Collections/ShaderGraph
-logFile
Logs/AssetImportWorker5.log
-srvPort
57211
Successfully changed project path to: C:/Users/Egemen/Documents/GitHub/Unity-Shader-Collections/ShaderGraph
C:/Users/Egemen/Documents/GitHub/Unity-Shader-Collections/ShaderGraph
[UnityMemory] Configuration Parameters - Can be set up in boot.config
    "memorysetup-bucket-allocator-granularity=16"
    "memorysetup-bucket-allocator-bucket-count=8"
    "memorysetup-bucket-allocator-block-size=33554432"
    "memorysetup-bucket-allocator-block-count=8"
    "memorysetup-main-allocator-block-size=16777216"
    "memorysetup-thread-allocator-block-size=16777216"
    "memorysetup-gfx-main-allocator-block-size=16777216"
    "memorysetup-gfx-thread-allocator-block-size=16777216"
    "memorysetup-cache-allocator-block-size=4194304"
    "memorysetup-typetree-allocator-block-size=2097152"
    "memorysetup-profiler-bucket-allocator-granularity=16"
    "memorysetup-profiler-bucket-allocator-bucket-count=8"
    "memorysetup-profiler-bucket-allocator-block-size=33554432"
    "memorysetup-profiler-bucket-allocator-block-count=8"
    "memorysetup-profiler-allocator-block-size=16777216"
    "memorysetup-profiler-editor-allocator-block-size=1048576"
    "memorysetup-temp-allocator-size-main=16777216"
    "memorysetup-job-temp-allocator-block-size=2097152"
    "memorysetup-job-temp-allocator-block-size-background=1048576"
    "memorysetup-job-temp-allocator-reduction-small-platforms=262144"
    "memorysetup-temp-allocator-size-background-worker=32768"
    "memorysetup-temp-allocator-size-job-worker=262144"
    "memorysetup-temp-allocator-size-preload-manager=33554432"
    "memorysetup-temp-allocator-size-nav-mesh-worker=65536"
    "memorysetup-temp-allocator-size-audio-worker=65536"
    "memorysetup-temp-allocator-size-cloud-worker=32768"
    "memorysetup-temp-allocator-size-gi-baking-worker=262144"
    "memorysetup-temp-allocator-size-gfx=262144"
Player connection [22996] Host "[IP] 26.202.36.232 [Port] 0 [Flags] 2 [Guid] 3838300499 [EditorId] 3838300499 [Version] 1048832 [Id] WindowsEditor(7,DESKTOP-6NUMKD8) [Debug] 1 [PackageName] WindowsEditor [ProjectName] Editor" joined multi-casting on [225.0.0.222:54997]...

Player connection [22996] Host "[IP] 26.202.36.232 [Port] 0 [Flags] 2 [Guid] 3838300499 [EditorId] 3838300499 [Version] 1048832 [Id] WindowsEditor(7,DESKTOP-6NUMKD8) [Debug] 1 [PackageName] WindowsEditor [ProjectName] Editor" joined alternative multi-casting on [225.0.0.222:34997]...

Refreshing native plugins compatible for Editor in 88.60 ms, found 5 plugins.
Preloading 0 native plugins for Editor in 0.00 ms.
Initialize engine version: 2021.3.16f1 (4016570cf34f)
[Subsystems] Discovering subsystems at path C:/Program Files/Unity/Hub/Editor/2021.3.16f1/Editor/Data/Resources/UnitySubsystems
[Subsystems] Discovering subsystems at path C:/Users/Egemen/Documents/GitHub/Unity-Shader-Collections/ShaderGraph/Assets
GfxDevice: creating device client; threaded=0; jobified=0
Direct3D:
    Version:  Direct3D 11.0 [level 11.1]
    Renderer: NVIDIA GeForce RTX 3050 Ti Laptop GPU (ID=0x25a0)
    Vendor:   NVIDIA
    VRAM:     3978 MB
    Driver:   31.0.15.2824
Initialize mono
Mono path[0] = 'C:/Program Files/Unity/Hub/Editor/2021.3.16f1/Editor/Data/Managed'
Mono path[1] = 'C:/Program Files/Unity/Hub/Editor/2021.3.16f1/Editor/Data/MonoBleedingEdge/lib/mono/unityjit-win32'
Mono config path = 'C:/Program Files/Unity/Hub/Editor/2021.3.16f1/Editor/Data/MonoBleedingEdge/etc'
Using monoOptions --debugger-agent=transport=dt_socket,embedding=1,server=y,suspend=n,address=127.0.0.1:56256
Begin MonoManager ReloadAssembly
Registering precompiled unity dll's ...
Register platform support module: C:/Program Files/Unity/Hub/Editor/2021.3.16f1/Editor/Data/PlaybackEngines/WebGLSupport/UnityEditor.WebGL.Extensions.dll
Register platform support module: C:/Program Files/Unity/Hub/Editor/2021.3.16f1/Editor/Data/PlaybackEngines/WindowsStandaloneSupport/UnityEditor.WindowsStandalone.Extensions.dll
Registered in 0.006891 seconds.
Native extension for WindowsStandalone target not found
Native extension for WebGL target not found
Refreshing native plugins compatible for Editor in 102.87 ms, found 5 plugins.
Preloading 0 native plugins for Editor in 0.00 ms.
Mono: successfully reloaded assembly
- Completed reload, in  0.627 seconds
Domain Reload Profiling:
	ReloadAssembly (628ms)
		BeginReloadAssembly (62ms)
			ExecutionOrderSort (0ms)
			DisableScriptedObjects (0ms)
			BackupInstance (0ms)
			ReleaseScriptingObjects (0ms)
			CreateAndSetChildDomain (1ms)
		EndReloadAssembly (474ms)
			LoadAssemblies (60ms)
			RebuildTransferFunctionScriptingTraits (0ms)
			SetupTypeCache (86ms)
			ReleaseScriptCaches (0ms)
			RebuildScriptCaches (31ms)
			SetupLoadedEditorAssemblies (304ms)
				LogAssemblyErrors (0ms)
				InitializePlatformSupportModulesInManaged (12ms)
				SetLoadedEditorAssemblies (0ms)
				RefreshPlugins (103ms)
				BeforeProcessingInitializeOnLoad (2ms)
				ProcessInitializeOnLoadAttributes (141ms)
				ProcessInitializeOnLoadMethodAttributes (47ms)
				AfterProcessingInitializeOnLoad (0ms)
				EditorAssembliesLoaded (0ms)
			ExecutionOrderSort2 (0ms)
			AwakeInstancesAfterBackupRestoration (0ms)
Platform modules already initialized, skipping
Registering precompiled user dll's ...
Registered in 0.006113 seconds.
Begin MonoManager ReloadAssembly
Symbol file LoadedFromMemory doesn't match image C:\Users\Egemen\Documents\GitHub\Unity-Shader-Collections\ShaderGraph\Library\PackageCache\com.unity.visualscripting@1.7.8\Editor\VisualScripting.Core\Dependencies\YamlDotNet\Unity.VisualScripting.YamlDotNet.dll
Symbol file LoadedFromMemory doesn't match image C:\Users\Egemen\Documents\GitHub\Unity-Shader-Collections\ShaderGraph\Library\PackageCache\com.unity.visualscripting@1.7.8\Editor\VisualScripting.Core\Dependencies\DotNetZip\Unity.VisualScripting.IonicZip.dll
Native extension for WindowsStandalone target not found
Native extension for WebGL target not found
Refreshing native plugins compatible for Editor in 80.56 ms, found 5 plugins.
Preloading 0 native plugins for Editor in 0.00 ms.
Mono: successfully reloaded assembly
- Completed reload, in  1.028 seconds
Domain Reload Profiling:
	ReloadAssembly (1028ms)
		BeginReloadAssembly (95ms)
			ExecutionOrderSort (0ms)
			DisableScriptedObjects (5ms)
			BackupInstance (0ms)
			ReleaseScriptingObjects (0ms)
			CreateAndSetChildDomain (19ms)
		EndReloadAssembly (836ms)
			LoadAssemblies (74ms)
			RebuildTransferFunctionScriptingTraits (0ms)
			SetupTypeCache (226ms)
			ReleaseScriptCaches (1ms)
			RebuildScriptCaches (46ms)
			SetupLoadedEditorAssemblies (453ms)
				LogAssemblyErrors (0ms)
				InitializePlatformSupportModulesInManaged (5ms)
				SetLoadedEditorAssemblies (0ms)
				RefreshPlugins (81ms)
				BeforeProcessingInitializeOnLoad (96ms)
				ProcessInitializeOnLoadAttributes (207ms)
				ProcessInitializeOnLoadMethodAttributes (57ms)
				AfterProcessingInitializeOnLoad (7ms)
				EditorAssembliesLoaded (0ms)
			ExecutionOrderSort2 (0ms)
			AwakeInstancesAfterBackupRestoration (5ms)
Platform modules already initialized, skipping
========================================================================
Worker process is ready to serve import requests
Launched and connected shader compiler UnityShaderCompiler.exe after 0.04 seconds
Refreshing native plugins compatible for Editor in 1.47 ms, found 5 plugins.
Preloading 0 native plugins for Editor in 0.00 ms.
Unloading 4600 Unused Serialized files (Serialized files now loaded: 0)
Unloading 42 unused Assets / (1.6 MB). Loaded Objects now: 5043.
Memory consumption went from 165.0 MB to 163.5 MB.
Total: 5.884500 ms (FindLiveObjects: 0.664100 ms CreateObjectMapping: 0.453900 ms MarkObjects: 4.308300 ms  DeleteObjects: 0.456800 ms)

AssetImportParameters requested are different than current active one (requested -> active):
  custom:video-decoder-ogg-theora: a1e56fd34408186e4bbccfd4996cb3dc -> 
  custom:container-muxer-webm: aa71ff27fc2769a1b78a27578f13a17b -> 
  custom:container-demuxer-webm: 4f35f7cbe854078d1ac9338744f61a02 -> 
  custom:video-encoder-webm-vp8: eb34c28f22e8b96e1ab97ce403110664 -> 
  custom:audio-encoder-webm-vorbis: bf7c407c2cedff20999df2af8eb42d56 -> 
  custom:framework-win-MediaFoundation: 216162199b28c13a410421893ffa2e32 -> 
  custom:container-demuxer-ogg: 62fdf1f143b41e24485cea50d1cbac27 -> 
  custom:video-decoder-webm-vp8: 9c59270c3fd7afecdb556c50c9e8de78 -> 
  custom:audio-decoder-ogg-vorbis: bf7c407c2cedff20999df2af8eb42d56 -> 
========================================================================
Received Import Request.
  Time since last request: 151684.208225 seconds.
  path: Packages/com.unity.postprocessing/PostProcessing/Textures/LensDirt/LensDirt00.png
  artifactKey: Guid(69e847bbff1cf5449a4ee0bbd045dbc9) Importer(815301076,1909f56bfc062723c751e8b465ee728b)
Start importing Packages/com.unity.postprocessing/PostProcessing/Textures/LensDirt/LensDirt00.png using Guid(69e847bbff1cf5449a4ee0bbd045dbc9) Importer(815301076,1909f56bfc062723c751e8b465ee728b)  -> (artifact id: '63365a69574aa3ac95c674bda86aca10') in 0.089420 seconds 
========================================================================
Received Import Request.
  Time since last request: 1.800491 seconds.
  path: Packages/com.unity.searcher/Editor/Resources/FlatSkin/SearchSmallDownOn.png
  artifactKey: Guid(f353e9d22eb9164499dd70cb41b00244) Importer(815301076,1909f56bfc062723c751e8b465ee728b)
Start importing Packages/com.unity.searcher/Editor/Resources/FlatSkin/SearchSmallDownOn.png using Guid(f353e9d22eb9164499dd70cb41b00244) Importer(815301076,1909f56bfc062723c751e8b465ee728b)  -> (artifact id: '7f2fdcf41f6e4bc80e304e307fb2ed72') in 0.012647 seconds 
========================================================================
Received Import Request.
  Time since last request: 0.062026 seconds.
  path: Packages/com.unity.postprocessing/PostProcessing/Textures/SpectralLUTs/SpectralLut_PurpleGreen.tga
  artifactKey: Guid(42183971d24cfe443a346e7ec6e83bbb) Importer(815301076,1909f56bfc062723c751e8b465ee728b)
Start importing Packages/com.unity.postprocessing/PostProcessing/Textures/SpectralLUTs/SpectralLut_PurpleGreen.tga using Guid(42183971d24cfe443a346e7ec6e83bbb) Importer(815301076,1909f56bfc062723c751e8b465ee728b)  -> (artifact id: '38121edfa95cf60c6bd0adcaae20bf2e') in 0.011754 seconds 
========================================================================
Received Prepare
Registering precompiled user dll's ...
Registered in 0.006483 seconds.
Begin MonoManager ReloadAssembly
Symbol file LoadedFromMemory doesn't match image C:\Users\Egemen\Documents\GitHub\Unity-Shader-Collections\ShaderGraph\Library\PackageCache\com.unity.visualscripting@1.7.8\Editor\VisualScripting.Core\Dependencies\YamlDotNet\Unity.VisualScripting.YamlDotNet.dll
Symbol file LoadedFromMemory doesn't match image C:\Users\Egemen\Documents\GitHub\Unity-Shader-Collections\ShaderGraph\Library\PackageCache\com.unity.visualscripting@1.7.8\Editor\VisualScripting.Core\Dependencies\DotNetZip\Unity.VisualScripting.IonicZip.dll
Native extension for WindowsStandalone target not found
Native extension for WebGL target not found
Refreshing native plugins compatible for Editor in 1.30 ms, found 5 plugins.
Preloading 0 native plugins for Editor in 0.00 ms.
Mono: successfully reloaded assembly
- Completed reload, in  1.098 seconds
Domain Reload Profiling:
	ReloadAssembly (1098ms)
		BeginReloadAssembly (133ms)
			ExecutionOrderSort (0ms)
			DisableScriptedObjects (5ms)
			BackupInstance (0ms)
			ReleaseScriptingObjects (0ms)
			CreateAndSetChildDomain (41ms)
		EndReloadAssembly (875ms)
			LoadAssemblies (85ms)
			RebuildTransferFunctionScriptingTraits (1ms)
			SetupTypeCache (287ms)
			ReleaseScriptCaches (2ms)
			RebuildScriptCaches (48ms)
			SetupLoadedEditorAssemblies (411ms)
				LogAssemblyErrors (0ms)
				InitializePlatformSupportModulesInManaged (13ms)
				SetLoadedEditorAssemblies (1ms)
				RefreshPlugins (1ms)
				BeforeProcessingInitializeOnLoad (91ms)
				ProcessInitializeOnLoadAttributes (225ms)
				ProcessInitializeOnLoadMethodAttributes (71ms)
				AfterProcessingInitializeOnLoad (9ms)
				EditorAssembliesLoaded (0ms)
			ExecutionOrderSort2 (0ms)
			AwakeInstancesAfterBackupRestoration (7ms)
Platform modules already initialized, skipping
Refreshing native plugins compatible for Editor in 4.33 ms, found 5 plugins.
Preloading 0 native plugins for Editor in 0.00 ms.
Unloading 4548 Unused Serialized files (Serialized files now loaded: 0)
Unloading 35 unused Assets / (1.5 MB). Loaded Objects now: 5051.
Memory consumption went from 160.4 MB to 158.8 MB.
Total: 3.635900 ms (FindLiveObjects: 0.327700 ms CreateObjectMapping: 0.263200 ms MarkObjects: 2.769500 ms  DeleteObjects: 0.274700 ms)

AssetImportParameters requested are different than current active one (requested -> active):
  custom:video-decoder-ogg-theora: a1e56fd34408186e4bbccfd4996cb3dc -> 
  custom:container-muxer-webm: aa71ff27fc2769a1b78a27578f13a17b -> 
  custom:container-demuxer-webm: 4f35f7cbe854078d1ac9338744f61a02 -> 
  custom:video-encoder-webm-vp8: eb34c28f22e8b96e1ab97ce403110664 -> 
  custom:audio-encoder-webm-vorbis: bf7c407c2cedff20999df2af8eb42d56 -> 
  custom:framework-win-MediaFoundation: 216162199b28c13a410421893ffa2e32 -> 
  custom:container-demuxer-ogg: 62fdf1f143b41e24485cea50d1cbac27 -> 
  custom:video-decoder-webm-vp8: 9c59270c3fd7afecdb556c50c9e8de78 -> 
  custom:audio-decoder-ogg-vorbis: bf7c407c2cedff20999df2af8eb42d56 -> 
========================================================================
Received Prepare
Registering precompiled user dll's ...
Registered in 0.005824 seconds.
Begin MonoManager ReloadAssembly
Symbol file LoadedFromMemory doesn't match image C:\Users\Egemen\Documents\GitHub\Unity-Shader-Collections\ShaderGraph\Library\PackageCache\com.unity.visualscripting@1.7.8\Editor\VisualScripting.Core\Dependencies\YamlDotNet\Unity.VisualScripting.YamlDotNet.dll
Symbol file LoadedFromMemory doesn't match image C:\Users\Egemen\Documents\GitHub\Unity-Shader-Collections\ShaderGraph\Library\PackageCache\com.unity.visualscripting@1.7.8\Editor\VisualScripting.Core\Dependencies\DotNetZip\Unity.VisualScripting.IonicZip.dll
Native extension for WindowsStandalone target not found
Native extension for WebGL target not found
Refreshing native plugins compatible for Editor in 0.91 ms, found 5 plugins.
Preloading 0 native plugins for Editor in 0.00 ms.
Mono: successfully reloaded assembly
- Completed reload, in  1.086 seconds
Domain Reload Profiling:
	ReloadAssembly (1086ms)
		BeginReloadAssembly (126ms)
			ExecutionOrderSort (0ms)
			DisableScriptedObjects (5ms)
			BackupInstance (0ms)
			ReleaseScriptingObjects (0ms)
			CreateAndSetChildDomain (39ms)
		EndReloadAssembly (873ms)
			LoadAssemblies (82ms)
			RebuildTransferFunctionScriptingTraits (0ms)
			SetupTypeCache (298ms)
			ReleaseScriptCaches (2ms)
			RebuildScriptCaches (45ms)
			SetupLoadedEditorAssemblies (403ms)
				LogAssemblyErrors (0ms)
				InitializePlatformSupportModulesInManaged (14ms)
				SetLoadedEditorAssemblies (0ms)
				RefreshPlugins (1ms)
				BeforeProcessingInitializeOnLoad (88ms)
				ProcessInitializeOnLoadAttributes (221ms)
				ProcessInitializeOnLoadMethodAttributes (70ms)
				AfterProcessingInitializeOnLoad (9ms)
				EditorAssembliesLoaded (0ms)
			ExecutionOrderSort2 (0ms)
			AwakeInstancesAfterBackupRestoration (6ms)
Platform modules already initialized, skipping
Refreshing native plugins compatible for Editor in 3.07 ms, found 5 plugins.
Preloading 0 native plugins for Editor in 0.00 ms.
Unloading 4548 Unused Serialized files (Serialized files now loaded: 0)
Unloading 35 unused Assets / (1.5 MB). Loaded Objects now: 5054.
Memory consumption went from 160.4 MB to 158.8 MB.
Total: 4.844300 ms (FindLiveObjects: 0.596300 ms CreateObjectMapping: 0.321500 ms MarkObjects: 3.516900 ms  DeleteObjects: 0.408200 ms)

AssetImportParameters requested are different than current active one (requested -> active):
  custom:video-decoder-ogg-theora: a1e56fd34408186e4bbccfd4996cb3dc -> 
  custom:container-muxer-webm: aa71ff27fc2769a1b78a27578f13a17b -> 
  custom:container-demuxer-webm: 4f35f7cbe854078d1ac9338744f61a02 -> 
  custom:video-encoder-webm-vp8: eb34c28f22e8b96e1ab97ce403110664 -> 
  custom:audio-encoder-webm-vorbis: bf7c407c2cedff20999df2af8eb42d56 -> 
  custom:framework-win-MediaFoundation: 216162199b28c13a410421893ffa2e32 -> 
  custom:container-demuxer-ogg: 62fdf1f143b41e24485cea50d1cbac27 -> 
  custom:video-decoder-webm-vp8: 9c59270c3fd7afecdb556c50c9e8de78 -> 
  custom:audio-decoder-ogg-vorbis: bf7c407c2cedff20999df2af8eb42d56 -> 
========================================================================
Received Prepare
Registering precompiled user dll's ...
Registered in 0.005739 seconds.
Begin MonoManager ReloadAssembly
Symbol file LoadedFromMemory doesn't match image C:\Users\Egemen\Documents\GitHub\Unity-Shader-Collections\ShaderGraph\Library\PackageCache\com.unity.visualscripting@1.7.8\Editor\VisualScripting.Core\Dependencies\YamlDotNet\Unity.VisualScripting.YamlDotNet.dll
Symbol file LoadedFromMemory doesn't match image C:\Users\Egemen\Documents\GitHub\Unity-Shader-Collections\ShaderGraph\Library\PackageCache\com.unity.visualscripting@1.7.8\Editor\VisualScripting.Core\Dependencies\DotNetZip\Unity.VisualScripting.IonicZip.dll
Native extension for WindowsStandalone target not found
Native extension for WebGL target not found
Refreshing native plugins compatible for Editor in 1.21 ms, found 5 plugins.
Preloading 0 native plugins for Editor in 0.00 ms.
Mono: successfully reloaded assembly
- Completed reload, in  1.108 seconds
Domain Reload Profiling:
	ReloadAssembly (1108ms)
		BeginReloadAssembly (136ms)
			ExecutionOrderSort (0ms)
			DisableScriptedObjects (5ms)
			BackupInstance (0ms)
			ReleaseScriptingObjects (0ms)
			CreateAndSetChildDomain (41ms)
		EndReloadAssembly (881ms)
			LoadAssemblies (88ms)
			RebuildTransferFunctionScriptingTraits (0ms)
			SetupTypeCache (266ms)
			ReleaseScriptCaches (2ms)
			RebuildScriptCaches (50ms)
			SetupLoadedEditorAssemblies (432ms)
				LogAssemblyErrors (0ms)
				InitializePlatformSupportModulesInManaged (15ms)
				SetLoadedEditorAssemblies (0ms)
				RefreshPlugins (1ms)
				BeforeProcessingInitializeOnLoad (96ms)
				ProcessInitializeOnLoadAttributes (234ms)
				ProcessInitializeOnLoadMethodAttributes (76ms)
				AfterProcessingInitializeOnLoad (9ms)
				EditorAssembliesLoaded (0ms)
			ExecutionOrderSort2 (0ms)
			AwakeInstancesAfterBackupRestoration (6ms)
Platform modules already initialized, skipping
Refreshing native plugins compatible for Editor in 3.98 ms, found 5 plugins.
Preloading 0 native plugins for Editor in 0.00 ms.
Unloading 4548 Unused Serialized files (Serialized files now loaded: 0)
Unloading 35 unused Assets / (1.5 MB). Loaded Objects now: 5057.
Memory consumption went from 160.4 MB to 158.8 MB.
Total: 4.871300 ms (FindLiveObjects: 0.544000 ms CreateObjectMapping: 0.529600 ms MarkObjects: 3.405500 ms  DeleteObjects: 0.390900 ms)

AssetImportParameters requested are different than current active one (requested -> active):
  custom:video-decoder-ogg-theora: a1e56fd34408186e4bbccfd4996cb3dc -> 
  custom:container-muxer-webm: aa71ff27fc2769a1b78a27578f13a17b -> 
  custom:container-demuxer-webm: 4f35f7cbe854078d1ac9338744f61a02 -> 
  custom:video-encoder-webm-vp8: eb34c28f22e8b96e1ab97ce403110664 -> 
  custom:audio-encoder-webm-vorbis: bf7c407c2cedff20999df2af8eb42d56 -> 
  custom:framework-win-MediaFoundation: 216162199b28c13a410421893ffa2e32 -> 
  custom:container-demuxer-ogg: 62fdf1f143b41e24485cea50d1cbac27 -> 
  custom:video-decoder-webm-vp8: 9c59270c3fd7afecdb556c50c9e8de78 -> 
  custom:audio-decoder-ogg-vorbis: bf7c407c2cedff20999df2af8eb42d56 -> 
========================================================================
Received Prepare
Registering precompiled user dll's ...
Registered in 0.005932 seconds.
Begin MonoManager ReloadAssembly
Symbol file LoadedFromMemory doesn't match image C:\Users\Egemen\Documents\GitHub\Unity-Shader-Collections\ShaderGraph\Library\PackageCache\com.unity.visualscripting@1.7.8\Editor\VisualScripting.Core\Dependencies\YamlDotNet\Unity.VisualScripting.YamlDotNet.dll
Symbol file LoadedFromMemory doesn't match image C:\Users\Egemen\Documents\GitHub\Unity-Shader-Collections\ShaderGraph\Library\PackageCache\com.unity.visualscripting@1.7.8\Editor\VisualScripting.Core\Dependencies\DotNetZip\Unity.VisualScripting.IonicZip.dll
Native extension for WindowsStandalone target not found
Native extension for WebGL target not found
Refreshing native plugins compatible for Editor in 0.91 ms, found 5 plugins.
Preloading 0 native plugins for Editor in 0.00 ms.
Mono: successfully reloaded assembly
- Completed reload, in  1.144 seconds
Domain Reload Profiling:
	ReloadAssembly (1145ms)
		BeginReloadAssembly (146ms)
			ExecutionOrderSort (0ms)
			DisableScriptedObjects (5ms)
			BackupInstance (0ms)
			ReleaseScriptingObjects (0ms)
			CreateAndSetChildDomain (47ms)
		EndReloadAssembly (897ms)
			LoadAssemblies (95ms)
			RebuildTransferFunctionScriptingTraits (0ms)
			SetupTypeCache (291ms)
			ReleaseScriptCaches (2ms)
			RebuildScriptCaches (48ms)
			SetupLoadedEditorAssemblies (421ms)
				LogAssemblyErrors (0ms)
				InitializePlatformSupportModulesInManaged (15ms)
				SetLoadedEditorAssemblies (0ms)
				RefreshPlugins (1ms)
				BeforeProcessingInitializeOnLoad (94ms)
				ProcessInitializeOnLoadAttributes (226ms)
				ProcessInitializeOnLoadMethodAttributes (74ms)
				AfterProcessingInitializeOnLoad (10ms)
				EditorAssembliesLoaded (0ms)
			ExecutionOrderSort2 (0ms)
			AwakeInstancesAfterBackupRestoration (7ms)
Platform modules already initialized, skipping
Refreshing native plugins compatible for Editor in 3.33 ms, found 5 plugins.
Preloading 0 native plugins for Editor in 0.00 ms.
Unloading 4548 Unused Serialized files (Serialized files now loaded: 0)
Unloading 35 unused Assets / (1.5 MB). Loaded Objects now: 5060.
Memory consumption went from 160.4 MB to 158.9 MB.
Total: 4.102000 ms (FindLiveObjects: 0.376300 ms CreateObjectMapping: 0.180100 ms MarkObjects: 3.042200 ms  DeleteObjects: 0.501800 ms)

AssetImportParameters requested are different than current active one (requested -> active):
  custom:video-decoder-ogg-theora: a1e56fd34408186e4bbccfd4996cb3dc -> 
  custom:container-muxer-webm: aa71ff27fc2769a1b78a27578f13a17b -> 
  custom:container-demuxer-webm: 4f35f7cbe854078d1ac9338744f61a02 -> 
  custom:video-encoder-webm-vp8: eb34c28f22e8b96e1ab97ce403110664 -> 
  custom:audio-encoder-webm-vorbis: bf7c407c2cedff20999df2af8eb42d56 -> 
  custom:framework-win-MediaFoundation: 216162199b28c13a410421893ffa2e32 -> 
  custom:container-demuxer-ogg: 62fdf1f143b41e24485cea50d1cbac27 -> 
  custom:video-decoder-webm-vp8: 9c59270c3fd7afecdb556c50c9e8de78 -> 
  custom:audio-decoder-ogg-vorbis: bf7c407c2cedff20999df2af8eb42d56 -> 
========================================================================
Received Import Request.
  Time since last request: 904.739723 seconds.
  path: Assets/FireFlameShader/Materials/Rocks.mat
  artifactKey: Guid(507de86bc96f97149bc14f061c832409) Importer(815301076,1909f56bfc062723c751e8b465ee728b)
Start importing Assets/FireFlameShader/Materials/Rocks.mat using Guid(507de86bc96f97149bc14f061c832409) Importer(815301076,1909f56bfc062723c751e8b465ee728b)  -> (artifact id: 'f3c421ba3bac0c91ea051ee683266494') in 0.261620 seconds 
========================================================================
Received Prepare
Registering precompiled user dll's ...
Registered in 0.005995 seconds.
Begin MonoManager ReloadAssembly
Symbol file LoadedFromMemory doesn't match image C:\Users\Egemen\Documents\GitHub\Unity-Shader-Collections\ShaderGraph\Library\PackageCache\com.unity.visualscripting@1.7.8\Editor\VisualScripting.Core\Dependencies\YamlDotNet\Unity.VisualScripting.YamlDotNet.dll
Symbol file LoadedFromMemory doesn't match image C:\Users\Egemen\Documents\GitHub\Unity-Shader-Collections\ShaderGraph\Library\PackageCache\com.unity.visualscripting@1.7.8\Editor\VisualScripting.Core\Dependencies\DotNetZip\Unity.VisualScripting.IonicZip.dll
Native extension for WindowsStandalone target not found
Native extension for WebGL target not found
Refreshing native plugins compatible for Editor in 0.85 ms, found 5 plugins.
Preloading 0 native plugins for Editor in 0.00 ms.
Mono: successfully reloaded assembly
- Completed reload, in  1.103 seconds
Domain Reload Profiling:
	ReloadAssembly (1103ms)
		BeginReloadAssembly (138ms)
			ExecutionOrderSort (0ms)
			DisableScriptedObjects (4ms)
			BackupInstance (0ms)
			ReleaseScriptingObjects (0ms)
			CreateAndSetChildDomain (44ms)
		EndReloadAssembly (874ms)
			LoadAssemblies (90ms)
			RebuildTransferFunctionScriptingTraits (0ms)
			SetupTypeCache (269ms)
			ReleaseScriptCaches (3ms)
			RebuildScriptCaches (50ms)
			SetupLoadedEditorAssemblies (425ms)
				LogAssemblyErrors (0ms)
				InitializePlatformSupportModulesInManaged (16ms)
				SetLoadedEditorAssemblies (1ms)
				RefreshPlugins (1ms)
				BeforeProcessingInitializeOnLoad (92ms)
				ProcessInitializeOnLoadAttributes (232ms)
				ProcessInitializeOnLoadMethodAttributes (74ms)
				AfterProcessingInitializeOnLoad (9ms)
				EditorAssembliesLoaded (0ms)
			ExecutionOrderSort2 (0ms)
			AwakeInstancesAfterBackupRestoration (7ms)
Platform modules already initialized, skipping
Refreshing native plugins compatible for Editor in 2.89 ms, found 5 plugins.
Preloading 0 native plugins for Editor in 0.00 ms.
Unloading 4548 Unused Serialized files (Serialized files now loaded: 0)
Unloading 35 unused Assets / (1.5 MB). Loaded Objects now: 5103.
Memory consumption went from 164.8 MB to 163.3 MB.
Total: 3.436500 ms (FindLiveObjects: 0.300600 ms CreateObjectMapping: 0.115900 ms MarkObjects: 2.717900 ms  DeleteObjects: 0.301200 ms)

AssetImportParameters requested are different than current active one (requested -> active):
  custom:video-decoder-ogg-theora: a1e56fd34408186e4bbccfd4996cb3dc -> 
  custom:container-muxer-webm: aa71ff27fc2769a1b78a27578f13a17b -> 
  custom:container-demuxer-webm: 4f35f7cbe854078d1ac9338744f61a02 -> 
  custom:video-encoder-webm-vp8: eb34c28f22e8b96e1ab97ce403110664 -> 
  custom:audio-encoder-webm-vorbis: bf7c407c2cedff20999df2af8eb42d56 -> 
  custom:framework-win-MediaFoundation: 216162199b28c13a410421893ffa2e32 -> 
  custom:container-demuxer-ogg: 62fdf1f143b41e24485cea50d1cbac27 -> 
  custom:video-decoder-webm-vp8: 9c59270c3fd7afecdb556c50c9e8de78 -> 
  custom:audio-decoder-ogg-vorbis: bf7c407c2cedff20999df2af8eb42d56 -> 
========================================================================
Received Import Request.
  Time since last request: 1475.317994 seconds.
  path: Assets/FireFlameShader/Textures/smoke2.png
  artifactKey: Guid(5874f4cc5e7081e4b9559c00f8923ddc) Importer(815301076,1909f56bfc062723c751e8b465ee728b)
Start importing Assets/FireFlameShader/Textures/smoke2.png using Guid(5874f4cc5e7081e4b9559c00f8923ddc) Importer(815301076,1909f56bfc062723c751e8b465ee728b)  -> (artifact id: '7ecd35c4463950c5b458cb67207c2787') in 0.046744 seconds 
========================================================================
Received Prepare
Registering precompiled user dll's ...
Registered in 0.006317 seconds.
Begin MonoManager ReloadAssembly
Symbol file LoadedFromMemory doesn't match image C:\Users\Egemen\Documents\GitHub\Unity-Shader-Collections\ShaderGraph\Library\PackageCache\com.unity.visualscripting@1.7.8\Editor\VisualScripting.Core\Dependencies\YamlDotNet\Unity.VisualScripting.YamlDotNet.dll
Symbol file LoadedFromMemory doesn't match image C:\Users\Egemen\Documents\GitHub\Unity-Shader-Collections\ShaderGraph\Library\PackageCache\com.unity.visualscripting@1.7.8\Editor\VisualScripting.Core\Dependencies\DotNetZip\Unity.VisualScripting.IonicZip.dll
Native extension for WindowsStandalone target not found
Native extension for WebGL target not found
Refreshing native plugins compatible for Editor in 1.13 ms, found 5 plugins.
Preloading 0 native plugins for Editor in 0.00 ms.
Mono: successfully reloaded assembly
- Completed reload, in  1.162 seconds
Domain Reload Profiling:
	ReloadAssembly (1162ms)
		BeginReloadAssembly (150ms)
			ExecutionOrderSort (0ms)
			DisableScriptedObjects (6ms)
			BackupInstance (0ms)
			ReleaseScriptingObjects (0ms)
			CreateAndSetChildDomain (45ms)
		EndReloadAssembly (914ms)
			LoadAssemblies (99ms)
			RebuildTransferFunctionScriptingTraits (0ms)
			SetupTypeCache (301ms)
			ReleaseScriptCaches (2ms)
			RebuildScriptCaches (49ms)
			SetupLoadedEditorAssemblies (425ms)
				LogAssemblyErrors (0ms)
				InitializePlatformSupportModulesInManaged (14ms)
				SetLoadedEditorAssemblies (1ms)
				RefreshPlugins (1ms)
				BeforeProcessingInitializeOnLoad (94ms)
				ProcessInitializeOnLoadAttributes (232ms)
				ProcessInitializeOnLoadMethodAttributes (72ms)
				AfterProcessingInitializeOnLoad (10ms)
				EditorAssembliesLoaded (0ms)
			ExecutionOrderSort2 (0ms)
			AwakeInstancesAfterBackupRestoration (6ms)
Platform modules already initialized, skipping
Refreshing native plugins compatible for Editor in 3.33 ms, found 5 plugins.
Preloading 0 native plugins for Editor in 0.00 ms.
Unloading 4548 Unused Serialized files (Serialized files now loaded: 0)
Unloading 35 unused Assets / (1.5 MB). Loaded Objects now: 5107.
Memory consumption went from 165.0 MB to 163.5 MB.
Total: 4.791000 ms (FindLiveObjects: 0.373000 ms CreateObjectMapping: 0.377700 ms MarkObjects: 3.779500 ms  DeleteObjects: 0.259400 ms)

AssetImportParameters requested are different than current active one (requested -> active):
  custom:video-decoder-ogg-theora: a1e56fd34408186e4bbccfd4996cb3dc -> 
  custom:container-muxer-webm: aa71ff27fc2769a1b78a27578f13a17b -> 
  custom:container-demuxer-webm: 4f35f7cbe854078d1ac9338744f61a02 -> 
  custom:video-encoder-webm-vp8: eb34c28f22e8b96e1ab97ce403110664 -> 
  custom:audio-encoder-webm-vorbis: bf7c407c2cedff20999df2af8eb42d56 -> 
  custom:framework-win-MediaFoundation: 216162199b28c13a410421893ffa2e32 -> 
  custom:container-demuxer-ogg: 62fdf1f143b41e24485cea50d1cbac27 -> 
  custom:video-decoder-webm-vp8: 9c59270c3fd7afecdb556c50c9e8de78 -> 
  custom:audio-decoder-ogg-vorbis: bf7c407c2cedff20999df2af8eb42d56 -> 
========================================================================
Received Prepare
Registering precompiled user dll's ...
Registered in 0.005660 seconds.
Begin MonoManager ReloadAssembly
Symbol file LoadedFromMemory doesn't match image C:\Users\Egemen\Documents\GitHub\Unity-Shader-Collections\ShaderGraph\Library\PackageCache\com.unity.visualscripting@1.7.8\Editor\VisualScripting.Core\Dependencies\YamlDotNet\Unity.VisualScripting.YamlDotNet.dll
Symbol file LoadedFromMemory doesn't match image C:\Users\Egemen\Documents\GitHub\Unity-Shader-Collections\ShaderGraph\Library\PackageCache\com.unity.visualscripting@1.7.8\Editor\VisualScripting.Core\Dependencies\DotNetZip\Unity.VisualScripting.IonicZip.dll
Native extension for WindowsStandalone target not found
Native extension for WebGL target not found
Refreshing native plugins compatible for Editor in 1.08 ms, found 5 plugins.
Preloading 0 native plugins for Editor in 0.00 ms.
Mono: successfully reloaded assembly
- Completed reload, in  1.139 seconds
Domain Reload Profiling:
	ReloadAssembly (1140ms)
		BeginReloadAssembly (132ms)
			ExecutionOrderSort (0ms)
			DisableScriptedObjects (5ms)
			BackupInstance (0ms)
			ReleaseScriptingObjects (0ms)
			CreateAndSetChildDomain (36ms)
		EndReloadAssembly (916ms)
			LoadAssemblies (89ms)
			RebuildTransferFunctionScriptingTraits (0ms)
			SetupTypeCache (295ms)
			ReleaseScriptCaches (2ms)
			RebuildScriptCaches (49ms)
			SetupLoadedEditorAssemblies (436ms)
				LogAssemblyErrors (0ms)
				InitializePlatformSupportModulesInManaged (16ms)
				SetLoadedEditorAssemblies (0ms)
				RefreshPlugins (1ms)
				BeforeProcessingInitializeOnLoad (99ms)
				ProcessInitializeOnLoadAttributes (236ms)
				ProcessInitializeOnLoadMethodAttributes (74ms)
				AfterProcessingInitializeOnLoad (10ms)
				EditorAssembliesLoaded (0ms)
			ExecutionOrderSort2 (0ms)
			AwakeInstancesAfterBackupRestoration (6ms)
Platform modules already initialized, skipping
Refreshing native plugins compatible for Editor in 3.57 ms, found 5 plugins.
Preloading 0 native plugins for Editor in 0.00 ms.
Unloading 4548 Unused Serialized files (Serialized files now loaded: 0)
Unloading 35 unused Assets / (1.5 MB). Loaded Objects now: 5110.
Memory consumption went from 165.0 MB to 163.5 MB.
Total: 4.115700 ms (FindLiveObjects: 0.395800 ms CreateObjectMapping: 0.475200 ms MarkObjects: 2.977500 ms  DeleteObjects: 0.265900 ms)

AssetImportParameters requested are different than current active one (requested -> active):
  custom:video-decoder-ogg-theora: a1e56fd34408186e4bbccfd4996cb3dc -> 
  custom:container-muxer-webm: aa71ff27fc2769a1b78a27578f13a17b -> 
  custom:container-demuxer-webm: 4f35f7cbe854078d1ac9338744f61a02 -> 
  custom:video-encoder-webm-vp8: eb34c28f22e8b96e1ab97ce403110664 -> 
  custom:audio-encoder-webm-vorbis: bf7c407c2cedff20999df2af8eb42d56 -> 
  custom:framework-win-MediaFoundation: 216162199b28c13a410421893ffa2e32 -> 
  custom:container-demuxer-ogg: 62fdf1f143b41e24485cea50d1cbac27 -> 
  custom:video-decoder-webm-vp8: 9c59270c3fd7afecdb556c50c9e8de78 -> 
  custom:audio-decoder-ogg-vorbis: bf7c407c2cedff20999df2af8eb42d56 -> 
========================================================================
Received Import Request.
  Time since last request: 1016.651564 seconds.
  path: Assets/FireFlameShader/Models/dawnbreaker_econ.fbx
  artifactKey: Guid(e2563ae9d415b9749b5260dc38d153c3) Importer(815301076,1909f56bfc062723c751e8b465ee728b)
Start importing Assets/FireFlameShader/Models/dawnbreaker_econ.fbx using Guid(e2563ae9d415b9749b5260dc38d153c3) Importer(815301076,1909f56bfc062723c751e8b465ee728b)  -> (artifact id: '623d1c5bcf60a1655628fe180854aa46') in 0.296252 seconds 
========================================================================
Received Import Request.
  Time since last request: 31.266930 seconds.
  path: Assets/FireFlameShader/Materials/Fire.mat
  artifactKey: Guid(3c5086f6081f4e449940abf6b8d4eaf6) Importer(815301076,1909f56bfc062723c751e8b465ee728b)
Start importing Assets/FireFlameShader/Materials/Fire.mat using Guid(3c5086f6081f4e449940abf6b8d4eaf6) Importer(815301076,1909f56bfc062723c751e8b465ee728b)  -> (artifact id: '292d4b0672dee37d6856f7b33923c022') in 0.026942 seconds 
========================================================================
Received Import Request.
  Time since last request: 0.000038 seconds.
  path: Assets/FireFlameShader/Materials/New Material.mat
  artifactKey: Guid(c75a44aed85febd43951536276eaa8ee) Importer(815301076,1909f56bfc062723c751e8b465ee728b)
Start importing Assets/FireFlameShader/Materials/New Material.mat using Guid(c75a44aed85febd43951536276eaa8ee) Importer(815301076,1909f56bfc062723c751e8b465ee728b)  -> (artifact id: '53d009134d8b892b0c045bc980c7f15b') in 0.090141 seconds 
========================================================================
Received Prepare
Registering precompiled user dll's ...
Registered in 0.006961 seconds.
Begin MonoManager ReloadAssembly
Symbol file LoadedFromMemory doesn't match image C:\Users\Egemen\Documents\GitHub\Unity-Shader-Collections\ShaderGraph\Library\PackageCache\com.unity.visualscripting@1.7.8\Editor\VisualScripting.Core\Dependencies\YamlDotNet\Unity.VisualScripting.YamlDotNet.dll
Symbol file LoadedFromMemory doesn't match image C:\Users\Egemen\Documents\GitHub\Unity-Shader-Collections\ShaderGraph\Library\PackageCache\com.unity.visualscripting@1.7.8\Editor\VisualScripting.Core\Dependencies\DotNetZip\Unity.VisualScripting.IonicZip.dll
Native extension for WindowsStandalone target not found
Native extension for WebGL target not found
Refreshing native plugins compatible for Editor in 1.28 ms, found 5 plugins.
Preloading 0 native plugins for Editor in 0.00 ms.
Mono: successfully reloaded assembly
- Completed reload, in  1.217 seconds
Domain Reload Profiling:
	ReloadAssembly (1218ms)
		BeginReloadAssembly (166ms)
			ExecutionOrderSort (0ms)
			DisableScriptedObjects (4ms)
			BackupInstance (0ms)
			ReleaseScriptingObjects (0ms)
			CreateAndSetChildDomain (53ms)
		EndReloadAssembly (945ms)
			LoadAssemblies (108ms)
			RebuildTransferFunctionScriptingTraits (0ms)
			SetupTypeCache (300ms)
			ReleaseScriptCaches (2ms)
			RebuildScriptCaches (53ms)
			SetupLoadedEditorAssemblies (448ms)
				LogAssemblyErrors (0ms)
				InitializePlatformSupportModulesInManaged (16ms)
				SetLoadedEditorAssemblies (0ms)
				RefreshPlugins (1ms)
				BeforeProcessingInitializeOnLoad (104ms)
				ProcessInitializeOnLoadAttributes (238ms)
				ProcessInitializeOnLoadMethodAttributes (78ms)
				AfterProcessingInitializeOnLoad (10ms)
				EditorAssembliesLoaded (1ms)
			ExecutionOrderSort2 (0ms)
			AwakeInstancesAfterBackupRestoration (6ms)
Platform modules already initialized, skipping
Refreshing native plugins compatible for Editor in 3.00 ms, found 5 plugins.
Preloading 0 native plugins for Editor in 0.00 ms.
Unloading 4548 Unused Serialized files (Serialized files now loaded: 0)
Unloading 35 unused Assets / (1.5 MB). Loaded Objects now: 5118.
Memory consumption went from 177.9 MB to 176.4 MB.
Total: 3.367300 ms (FindLiveObjects: 0.271500 ms CreateObjectMapping: 0.235900 ms MarkObjects: 2.599900 ms  DeleteObjects: 0.259000 ms)

AssetImportParameters requested are different than current active one (requested -> active):
  custom:video-decoder-ogg-theora: a1e56fd34408186e4bbccfd4996cb3dc -> 
  custom:container-muxer-webm: aa71ff27fc2769a1b78a27578f13a17b -> 
  custom:container-demuxer-webm: 4f35f7cbe854078d1ac9338744f61a02 -> 
  custom:video-encoder-webm-vp8: eb34c28f22e8b96e1ab97ce403110664 -> 
  custom:audio-encoder-webm-vorbis: bf7c407c2cedff20999df2af8eb42d56 -> 
  custom:framework-win-MediaFoundation: 216162199b28c13a410421893ffa2e32 -> 
  custom:container-demuxer-ogg: 62fdf1f143b41e24485cea50d1cbac27 -> 
  custom:video-decoder-webm-vp8: 9c59270c3fd7afecdb556c50c9e8de78 -> 
  custom:audio-decoder-ogg-vorbis: bf7c407c2cedff20999df2af8eb42d56 -> 
========================================================================
Received Import Request.
  Time since last request: 286.795996 seconds.
  path: Assets/FireFlameShader/Models/materials/dawnbreaker_armor_cubeMap.tga
  artifactKey: Guid(1dc4665939876ce41860d0604cb380ed) Importer(815301076,1909f56bfc062723c751e8b465ee728b)
Start importing Assets/FireFlameShader/Models/materials/dawnbreaker_armor_cubeMap.tga using Guid(1dc4665939876ce41860d0604cb380ed) Importer(815301076,1909f56bfc062723c751e8b465ee728b)  -> (artifact id: 'cbc0524d0b6f1bebebfb9a6dfaf0216e') in 0.076810 seconds 
========================================================================
Received Import Request.
  Time since last request: 0.000064 seconds.
  path: Assets/FireFlameShader/Models/materials/dawnbreaker_arms_selfIllumMask.tga
  artifactKey: Guid(ecb1527869353ae4fa128d5fa0069e35) Importer(815301076,1909f56bfc062723c751e8b465ee728b)
Start importing Assets/FireFlameShader/Models/materials/dawnbreaker_arms_selfIllumMask.tga using Guid(ecb1527869353ae4fa128d5fa0069e35) Importer(815301076,1909f56bfc062723c751e8b465ee728b)  -> (artifact id: '3a731c2b0945f7df54bd7a1440bc146c') in 0.018961 seconds 
========================================================================
Received Import Request.
  Time since last request: 0.000020 seconds.
  path: Assets/FireFlameShader/Models/materials/dawnbreaker_arms_cubeMap.tga
  artifactKey: Guid(a49fdb9ebf9d6fa4b8517d2caf661d90) Importer(815301076,1909f56bfc062723c751e8b465ee728b)
Start importing Assets/FireFlameShader/Models/materials/dawnbreaker_arms_cubeMap.tga using Guid(a49fdb9ebf9d6fa4b8517d2caf661d90) Importer(815301076,1909f56bfc062723c751e8b465ee728b)  -> (artifact id: '4fc60da9fe6f568426afe94a274f0431') in 0.012249 seconds 
========================================================================
Received Import Request.
  Time since last request: 0.000020 seconds.
  path: Assets/FireFlameShader/Models/materials/dawnbreaker_arms_tintByBaseMask.tga
  artifactKey: Guid(e82a3eace35bc50459330fa2e59dc468) Importer(815301076,1909f56bfc062723c751e8b465ee728b)
Start importing Assets/FireFlameShader/Models/materials/dawnbreaker_arms_tintByBaseMask.tga using Guid(e82a3eace35bc50459330fa2e59dc468) Importer(815301076,1909f56bfc062723c751e8b465ee728b)  -> (artifact id: '42a774f707bec3dd8f01812663fb3b33') in 0.013937 seconds 
========================================================================
Received Import Request.
  Time since last request: 0.000031 seconds.
  path: Assets/FireFlameShader/Models/materials/dawnbreaker_head_detail.tga
  artifactKey: Guid(9a84ad2af12b1154da5735d522a605d3) Importer(815301076,1909f56bfc062723c751e8b465ee728b)
Start importing Assets/FireFlameShader/Models/materials/dawnbreaker_head_detail.tga using Guid(9a84ad2af12b1154da5735d522a605d3) Importer(815301076,1909f56bfc062723c751e8b465ee728b)  -> (artifact id: 'fb4672298990e57a916a3f572b568123') in 0.012451 seconds 
========================================================================
Received Import Request.
  Time since last request: 0.000035 seconds.
  path: Assets/FireFlameShader/Models/materials/dawnbreaker_head_color.tga
  artifactKey: Guid(f67b6ff5580eaed49855a69ada843bb2) Importer(815301076,1909f56bfc062723c751e8b465ee728b)
Start importing Assets/FireFlameShader/Models/materials/dawnbreaker_head_color.tga using Guid(f67b6ff5580eaed49855a69ada843bb2) Importer(815301076,1909f56bfc062723c751e8b465ee728b)  -> (artifact id: '25146ffe8d62a9beecf05f7b7a86fb4d') in 0.014693 seconds 
========================================================================
Received Import Request.
  Time since last request: 0.000054 seconds.
  path: Assets/FireFlameShader/Models/materials/dawnbreaker_arms_specularExponent.tga
  artifactKey: Guid(3356a9232d04c8e4ba7b423d0fe84900) Importer(815301076,1909f56bfc062723c751e8b465ee728b)
Start importing Assets/FireFlameShader/Models/materials/dawnbreaker_arms_specularExponent.tga using Guid(3356a9232d04c8e4ba7b423d0fe84900) Importer(815301076,1909f56bfc062723c751e8b465ee728b)  -> (artifact id: '7dd74ac9e731cf2d94b42eb9c11c7c10') in 0.016511 seconds 
========================================================================
Received Import Request.
  Time since last request: 0.000033 seconds.
  path: Assets/FireFlameShader/Models/materials/dawnbreaker_armor_fresnelWarpRim.tga
  artifactKey: Guid(c0da1b5014a61f64a857dc98ce196d54) Importer(815301076,1909f56bfc062723c751e8b465ee728b)
Start importing Assets/FireFlameShader/Models/materials/dawnbreaker_armor_fresnelWarpRim.tga using Guid(c0da1b5014a61f64a857dc98ce196d54) Importer(815301076,1909f56bfc062723c751e8b465ee728b)  -> (artifact id: 'bc9b3b89d778e0fa3b0860ad3fe89875') in 0.015184 seconds 
========================================================================
Received Import Request.
  Time since last request: 0.000033 seconds.
  path: Assets/FireFlameShader/Models/materials/dawnbreaker_arms_rimMask.tga
  artifactKey: Guid(416a8c462c1f2314e886fa967c18d3ee) Importer(815301076,1909f56bfc062723c751e8b465ee728b)
Start importing Assets/FireFlameShader/Models/materials/dawnbreaker_arms_rimMask.tga using Guid(416a8c462c1f2314e886fa967c18d3ee) Importer(815301076,1909f56bfc062723c751e8b465ee728b)  -> (artifact id: '7ba11b273a3099dc584a8525867653b8') in 0.017175 seconds 
========================================================================
Received Import Request.
  Time since last request: 0.000025 seconds.
  path: Assets/FireFlameShader/Models/materials/dawnbreaker_arms_translucency.tga
  artifactKey: Guid(97e8d7427953bcc488fd86b13854c088) Importer(815301076,1909f56bfc062723c751e8b465ee728b)
Start importing Assets/FireFlameShader/Models/materials/dawnbreaker_arms_translucency.tga using Guid(97e8d7427953bcc488fd86b13854c088) Importer(815301076,1909f56bfc062723c751e8b465ee728b)  -> (artifact id: 'a199df8d410e26feb866a2d706f925f9') in 0.012850 seconds 
========================================================================
Received Import Request.
  Time since last request: 0.000032 seconds.
  path: Assets/FireFlameShader/Models/materials/dawnbreaker_armor_specularExponent.tga
  artifactKey: Guid(41b13765ffa1d304f9c5571b2b93a835) Importer(815301076,1909f56bfc062723c751e8b465ee728b)
Start importing Assets/FireFlameShader/Models/materials/dawnbreaker_armor_specularExponent.tga using Guid(41b13765ffa1d304f9c5571b2b93a835) Importer(815301076,1909f56bfc062723c751e8b465ee728b)  -> (artifact id: 'a0bf80966be7d44ec279b48047b5e9fa') in 0.016529 seconds 
========================================================================
Received Import Request.
  Time since last request: 0.000050 seconds.
  path: Assets/FireFlameShader/Models/materials/dawnbreaker_head_normal.tga
  artifactKey: Guid(b334eecc2213d3246bd8bfbcbcf9ef04) Importer(815301076,1909f56bfc062723c751e8b465ee728b)
Start importing Assets/FireFlameShader/Models/materials/dawnbreaker_head_normal.tga using Guid(b334eecc2213d3246bd8bfbcbcf9ef04) Importer(815301076,1909f56bfc062723c751e8b465ee728b)  -> (artifact id: '13269ffc8c7025335be765530495184e') in 0.016005 seconds 
========================================================================
Received Import Request.
  Time since last request: 0.000033 seconds.
  path: Assets/FireFlameShader/Models/materials/dawnbreaker_head_normal1.tga
  artifactKey: Guid(69e6918c80135e04fa65419d64dc0417) Importer(815301076,1909f56bfc062723c751e8b465ee728b)
Start importing Assets/FireFlameShader/Models/materials/dawnbreaker_head_normal1.tga using Guid(69e6918c80135e04fa65419d64dc0417) Importer(815301076,1909f56bfc062723c751e8b465ee728b)  -> (artifact id: 'bd6e36a5a1c53019c72e321a5c5cd701') in 0.016596 seconds 
========================================================================
Received Import Request.
  Time since last request: 0.000024 seconds.
  path: Assets/FireFlameShader/Models/materials/dawnbreaker_arms_metalnessMask.tga
  artifactKey: Guid(598300303331c95498a54e3772ee8bbd) Importer(815301076,1909f56bfc062723c751e8b465ee728b)
Start importing Assets/FireFlameShader/Models/materials/dawnbreaker_arms_metalnessMask.tga using Guid(598300303331c95498a54e3772ee8bbd) Importer(815301076,1909f56bfc062723c751e8b465ee728b)  -> (artifact id: 'e318968b296e527d5b5df72ca2f035c1') in 0.017361 seconds 
========================================================================
Received Import Request.
  Time since last request: 0.000047 seconds.
  path: Assets/FireFlameShader/Models/materials/dawnbreaker_head_cubeMap1.tga
  artifactKey: Guid(2e5c4f7a741a07841929ea9c2ad1e014) Importer(815301076,1909f56bfc062723c751e8b465ee728b)
Start importing Assets/FireFlameShader/Models/materials/dawnbreaker_head_cubeMap1.tga using Guid(2e5c4f7a741a07841929ea9c2ad1e014) Importer(815301076,1909f56bfc062723c751e8b465ee728b)  -> (artifact id: '6a01789644e0d695dc893686a830ba2d') in 0.012112 seconds 
========================================================================
Received Import Request.
  Time since last request: 0.000033 seconds.
  path: Assets/FireFlameShader/Models/materials/dawnbreaker_armor_tintByBaseMask.tga
  artifactKey: Guid(d9d0deb536d6a394488274664d8c5607) Importer(815301076,1909f56bfc062723c751e8b465ee728b)
Start importing Assets/FireFlameShader/Models/materials/dawnbreaker_armor_tintByBaseMask.tga using Guid(d9d0deb536d6a394488274664d8c5607) Importer(815301076,1909f56bfc062723c751e8b465ee728b)  -> (artifact id: '3fe2563ac2d4ff42e08c7bb15f7dadfe') in 0.015101 seconds 
========================================================================
Received Import Request.
  Time since last request: 0.000024 seconds.
  path: Assets/FireFlameShader/Models/materials/dawnbreaker_arms_color.tga
  artifactKey: Guid(35bfbbde75e9fe54e9aaf2de75318aa4) Importer(815301076,1909f56bfc062723c751e8b465ee728b)
Start importing Assets/FireFlameShader/Models/materials/dawnbreaker_arms_color.tga using Guid(35bfbbde75e9fe54e9aaf2de75318aa4) Importer(815301076,1909f56bfc062723c751e8b465ee728b)  -> (artifact id: '841d267b7508b888cbe07c67170d22d4') in 0.016363 seconds 
========================================================================
Received Import Request.
  Time since last request: 0.000027 seconds.
  path: Assets/FireFlameShader/Models/materials/dawnbreaker_head_cubeMap.tga
  artifactKey: Guid(7f38a16547412824b95c437545763a77) Importer(815301076,1909f56bfc062723c751e8b465ee728b)
Start importing Assets/FireFlameShader/Models/materials/dawnbreaker_head_cubeMap.tga using Guid(7f38a16547412824b95c437545763a77) Importer(815301076,1909f56bfc062723c751e8b465ee728b)  -> (artifact id: 'ae369587a02c755dfb0ae95899b6725a') in 0.014849 seconds 
========================================================================
Received Import Request.
  Time since last request: 0.000023 seconds.
  path: Assets/FireFlameShader/Models/materials/dawnbreaker_armor_fresnelWarpSpec.tga
  artifactKey: Guid(69aad71ccd0380843840a4c2c4dc597b) Importer(815301076,1909f56bfc062723c751e8b465ee728b)
Start importing Assets/FireFlameShader/Models/materials/dawnbreaker_armor_fresnelWarpSpec.tga using Guid(69aad71ccd0380843840a4c2c4dc597b) Importer(815301076,1909f56bfc062723c751e8b465ee728b)  -> (artifact id: '6a4b8228d352c70c3728fa2d352b0142') in 0.013457 seconds 
========================================================================
Received Import Request.
  Time since last request: 0.000036 seconds.
  path: Assets/FireFlameShader/Models/materials/dawnbreaker_head_fresnelWarpSpec.tga
  artifactKey: Guid(62e66311263a4cb42abd548af45cb5d5) Importer(815301076,1909f56bfc062723c751e8b465ee728b)
Start importing Assets/FireFlameShader/Models/materials/dawnbreaker_head_fresnelWarpSpec.tga using Guid(62e66311263a4cb42abd548af45cb5d5) Importer(815301076,1909f56bfc062723c751e8b465ee728b)  -> (artifact id: 'eea26e011b78a07bc2ecee5448f3434a') in 0.018023 seconds 
========================================================================
Received Import Request.
  Time since last request: 0.000050 seconds.
  path: Assets/FireFlameShader/Models/materials/dawnbreaker_armor_normal.tga
  artifactKey: Guid(bb4bb227fab5e714c9efd54ff53e94e3) Importer(815301076,1909f56bfc062723c751e8b465ee728b)
Start importing Assets/FireFlameShader/Models/materials/dawnbreaker_armor_normal.tga using Guid(bb4bb227fab5e714c9efd54ff53e94e3) Importer(815301076,1909f56bfc062723c751e8b465ee728b)  -> (artifact id: 'b7b350c03637f1625b8ea0da3fd0e188') in 0.015466 seconds 
========================================================================
Received Import Request.
  Time since last request: 0.000027 seconds.
  path: Assets/FireFlameShader/Models/materials/dawnbreaker_arms_fresnelWarpRim.tga
  artifactKey: Guid(846f232ca4676af4599703133b95c762) Importer(815301076,1909f56bfc062723c751e8b465ee728b)
Start importing Assets/FireFlameShader/Models/materials/dawnbreaker_arms_fresnelWarpRim.tga using Guid(846f232ca4676af4599703133b95c762) Importer(815301076,1909f56bfc062723c751e8b465ee728b)  -> (artifact id: '104f89d3f10ffefc0a48d81c2dde594d') in 0.010643 seconds 
========================================================================
Received Import Request.
  Time since last request: 0.000036 seconds.
  path: Assets/FireFlameShader/Models/materials/dawnbreaker_head_detailMask.tga
  artifactKey: Guid(9093add585ad96a49961b68b734436c9) Importer(815301076,1909f56bfc062723c751e8b465ee728b)
Start importing Assets/FireFlameShader/Models/materials/dawnbreaker_head_detailMask.tga using Guid(9093add585ad96a49961b68b734436c9) Importer(815301076,1909f56bfc062723c751e8b465ee728b)  -> (artifact id: '1f2ddec6fcbb2edefb63323c5aed11e4') in 0.015153 seconds 
========================================================================
Received Import Request.
  Time since last request: 0.747652 seconds.
  path: Assets/FireFlameShader/Models/materials/dawnbreaker_head_specularExponent.tga
  artifactKey: Guid(93c7e00e27ae5da4a93ecc138c4e0619) Importer(815301076,1909f56bfc062723c751e8b465ee728b)
Start importing Assets/FireFlameShader/Models/materials/dawnbreaker_head_specularExponent.tga using Guid(93c7e00e27ae5da4a93ecc138c4e0619) Importer(815301076,1909f56bfc062723c751e8b465ee728b)  -> (artifact id: 'fc2a666ba4a9542a0c94e7bbee555d1e') in 0.014294 seconds 
========================================================================
Received Import Request.
  Time since last request: 0.000023 seconds.
  path: Assets/FireFlameShader/Models/materials/dawnbreaker_weapon_selfIllumMask.tga
  artifactKey: Guid(630ba5fd44947d941bcd9e54edbeae97) Importer(815301076,1909f56bfc062723c751e8b465ee728b)
Start importing Assets/FireFlameShader/Models/materials/dawnbreaker_weapon_selfIllumMask.tga using Guid(630ba5fd44947d941bcd9e54edbeae97) Importer(815301076,1909f56bfc062723c751e8b465ee728b)  -> (artifact id: '6c241e26bcf4391024e4214cdf1e6854') in 0.020909 seconds 
========================================================================
Received Import Request.
  Time since last request: 0.000022 seconds.
  path: Assets/FireFlameShader/Models/materials/dawnbreaker_head_specularMask.tga
  artifactKey: Guid(98b1dca588976834390833c1caef4510) Importer(815301076,1909f56bfc062723c751e8b465ee728b)
Start importing Assets/FireFlameShader/Models/materials/dawnbreaker_head_specularMask.tga using Guid(98b1dca588976834390833c1caef4510) Importer(815301076,1909f56bfc062723c751e8b465ee728b)  -> (artifact id: 'b84bcb0ce4e378e4337c6491beb84fa3') in 0.015754 seconds 
========================================================================
Received Import Request.
  Time since last request: 0.000028 seconds.
  path: Assets/FireFlameShader/Models/materials/dawnbreaker_head_translucency.tga
  artifactKey: Guid(465f7d396ba5d924396b834ad6222adc) Importer(815301076,1909f56bfc062723c751e8b465ee728b)
Start importing Assets/FireFlameShader/Models/materials/dawnbreaker_head_translucency.tga using Guid(465f7d396ba5d924396b834ad6222adc) Importer(815301076,1909f56bfc062723c751e8b465ee728b)  -> (artifact id: 'a71a3863f0f7313c28cc7729996f6acb') in 0.012837 seconds 
========================================================================
Received Import Request.
  Time since last request: 0.000023 seconds.
  path: Assets/FireFlameShader/Models/materials/dawnbreaker_weapon_fresnelWarpSpec.tga
  artifactKey: Guid(88afb4423847f6944bf68ba1bd370f3c) Importer(815301076,1909f56bfc062723c751e8b465ee728b)
Start importing Assets/FireFlameShader/Models/materials/dawnbreaker_weapon_fresnelWarpSpec.tga using Guid(88afb4423847f6944bf68ba1bd370f3c) Importer(815301076,1909f56bfc062723c751e8b465ee728b)  -> (artifact id: '99b9b17fb86d068028b3b8e5ab3b78fb') in 0.012533 seconds 
========================================================================
Received Import Request.
  Time since last request: 0.000030 seconds.
  path: Assets/FireFlameShader/Models/materials/dawnbreaker_weapon_fresnelWarpRim.tga
  artifactKey: Guid(799c1c609850e6a4a9aeb4e01c2e60bd) Importer(815301076,1909f56bfc062723c751e8b465ee728b)
Start importing Assets/FireFlameShader/Models/materials/dawnbreaker_weapon_fresnelWarpRim.tga using Guid(799c1c609850e6a4a9aeb4e01c2e60bd) Importer(815301076,1909f56bfc062723c751e8b465ee728b)  -> (artifact id: 'abb20acbbabb4cb543f5c69419de6278') in 0.013581 seconds 
========================================================================
Received Import Request.
  Time since last request: 0.000036 seconds.
  path: Assets/FireFlameShader/Models/materials/dawnbreaker_weapon_detail2.tga
  artifactKey: Guid(d91819599608c9f47b99af3a97ff775a) Importer(815301076,1909f56bfc062723c751e8b465ee728b)
Start importing Assets/FireFlameShader/Models/materials/dawnbreaker_weapon_detail2.tga using Guid(d91819599608c9f47b99af3a97ff775a) Importer(815301076,1909f56bfc062723c751e8b465ee728b)  -> (artifact id: '56038eaf54dc535121845c62882ae41f') in 0.012205 seconds 
========================================================================
Received Import Request.
  Time since last request: 0.000033 seconds.
  path: Assets/FireFlameShader/Models/materials/dawnbreaker_weapon_specularExponent.tga
  artifactKey: Guid(be2834f8621cb4546969b0bd8f6b3150) Importer(815301076,1909f56bfc062723c751e8b465ee728b)
Start importing Assets/FireFlameShader/Models/materials/dawnbreaker_weapon_specularExponent.tga using Guid(be2834f8621cb4546969b0bd8f6b3150) Importer(815301076,1909f56bfc062723c751e8b465ee728b)  -> (artifact id: '3897f0742a8dd38982774995c0b25275') in 0.017301 seconds 
========================================================================
Received Import Request.
  Time since last request: 1.090479 seconds.
  path: Assets/FireFlameShader/Models/materials/dawnbreaker_weapon_tintByBaseMask.tga
  artifactKey: Guid(4dc17c6e0b90c3b4fabaa8e8c12a2106) Importer(815301076,1909f56bfc062723c751e8b465ee728b)
Start importing Assets/FireFlameShader/Models/materials/dawnbreaker_weapon_tintByBaseMask.tga using Guid(4dc17c6e0b90c3b4fabaa8e8c12a2106) Importer(815301076,1909f56bfc062723c751e8b465ee728b)  -> (artifact id: 'c6b19a149adc1b50dbf71f448f2ad295') in 0.020806 seconds 
========================================================================
Received Import Request.
  Time since last request: 0.000024 seconds.
  path: Assets/FireFlameShader/Models/materials/dawnbreaker_weapon_translucency.tga
  artifactKey: Guid(a373ccf79d8946942ad9247d73048de7) Importer(815301076,1909f56bfc062723c751e8b465ee728b)
Start importing Assets/FireFlameShader/Models/materials/dawnbreaker_weapon_translucency.tga using Guid(a373ccf79d8946942ad9247d73048de7) Importer(815301076,1909f56bfc062723c751e8b465ee728b)  -> (artifact id: '400450407d31e2f38870b9007144752e') in 0.012239 seconds 
========================================================================
Received Import Request.
  Time since last request: 12.553462 seconds.
  path: Assets/FireFlameShader/Models/materials/dawnbreaker_head_normal.tga
  artifactKey: Guid(b334eecc2213d3246bd8bfbcbcf9ef04) Importer(815301076,1909f56bfc062723c751e8b465ee728b)
Start importing Assets/FireFlameShader/Models/materials/dawnbreaker_head_normal.tga using Guid(b334eecc2213d3246bd8bfbcbcf9ef04) Importer(815301076,1909f56bfc062723c751e8b465ee728b)  -> (artifact id: '1703ded7456f86a3f76c0892803f3a89') in 0.024659 seconds 
========================================================================
Received Import Request.
  Time since last request: 25.467064 seconds.
  path: Assets/FireFlameShader/Materials/DawnBreaker/blinn5.mat
  artifactKey: Guid(289e3e78f7ced8241812076931f57d09) Importer(815301076,1909f56bfc062723c751e8b465ee728b)
Start importing Assets/FireFlameShader/Materials/DawnBreaker/blinn5.mat using Guid(289e3e78f7ced8241812076931f57d09) Importer(815301076,1909f56bfc062723c751e8b465ee728b)  -> (artifact id: '0530fbad3e2594de0652ac16551362e7') in 0.235447 seconds 
========================================================================
Received Import Request.
  Time since last request: 39.081897 seconds.
  path: Assets/FireFlameShader/Models/materials/base/__dawnbreaker_base_cubeMap.tga
  artifactKey: Guid(b979f6b8c23effa479590f264414b91d) Importer(815301076,1909f56bfc062723c751e8b465ee728b)
Start importing Assets/FireFlameShader/Models/materials/base/__dawnbreaker_base_cubeMap.tga using Guid(b979f6b8c23effa479590f264414b91d) Importer(815301076,1909f56bfc062723c751e8b465ee728b)  -> (artifact id: '32186af3d3ada5c624951c3505e37a78') in 0.014164 seconds 
========================================================================
Received Import Request.
  Time since last request: 0.000022 seconds.
  path: Assets/FireFlameShader/Models/materials/base/__dawnbreaker_base_metalnessMask.tga
  artifactKey: Guid(fa9a5e9d11d476b49947c9cccd3513b9) Importer(815301076,1909f56bfc062723c751e8b465ee728b)
Start importing Assets/FireFlameShader/Models/materials/base/__dawnbreaker_base_metalnessMask.tga using Guid(fa9a5e9d11d476b49947c9cccd3513b9) Importer(815301076,1909f56bfc062723c751e8b465ee728b)  -> (artifact id: 'af93048cc3e4c5d475b201f943144a65') in 0.015947 seconds 
========================================================================
Received Import Request.
  Time since last request: 0.000027 seconds.
  path: Assets/FireFlameShader/Models/materials/base/__dawnbreaker_base_tintByBaseMask.tga
  artifactKey: Guid(ee9947003d129f74d955728d1ebd0699) Importer(815301076,1909f56bfc062723c751e8b465ee728b)
Start importing Assets/FireFlameShader/Models/materials/base/__dawnbreaker_base_tintByBaseMask.tga using Guid(ee9947003d129f74d955728d1ebd0699) Importer(815301076,1909f56bfc062723c751e8b465ee728b)  -> (artifact id: '982f157d6c8b7fad98e3f4774f00f20d') in 0.015722 seconds 
========================================================================
Received Import Request.
  Time since last request: 0.000022 seconds.
  path: Assets/FireFlameShader/Models/materials/base/__dawnbreaker_base_rimMask1.tga
  artifactKey: Guid(ee4c7aecbe651834d967af6a1b37cb0d) Importer(815301076,1909f56bfc062723c751e8b465ee728b)
Start importing Assets/FireFlameShader/Models/materials/base/__dawnbreaker_base_rimMask1.tga using Guid(ee4c7aecbe651834d967af6a1b37cb0d) Importer(815301076,1909f56bfc062723c751e8b465ee728b)  -> (artifact id: '84be12d00a94ec5a03e83f4509cd6562') in 0.020850 seconds 
========================================================================
Received Import Request.
  Time since last request: 0.000040 seconds.
  path: Assets/FireFlameShader/Models/materials/base/__dawnbreaker_base_rimMask.tga
  artifactKey: Guid(f5a10d140d4d435489896a6d1de1d12f) Importer(815301076,1909f56bfc062723c751e8b465ee728b)
Start importing Assets/FireFlameShader/Models/materials/base/__dawnbreaker_base_rimMask.tga using Guid(f5a10d140d4d435489896a6d1de1d12f) Importer(815301076,1909f56bfc062723c751e8b465ee728b)  -> (artifact id: '44f6bae9f24d506f878f449bd08a0310') in 0.018768 seconds 
========================================================================
Received Import Request.
  Time since last request: 0.000023 seconds.
  path: Assets/FireFlameShader/Models/materials/base/__dawnbreaker_base_normal.tga
  artifactKey: Guid(8d9ef7e300650f848b64fb2dd09ea8ea) Importer(815301076,1909f56bfc062723c751e8b465ee728b)
Start importing Assets/FireFlameShader/Models/materials/base/__dawnbreaker_base_normal.tga using Guid(8d9ef7e300650f848b64fb2dd09ea8ea) Importer(815301076,1909f56bfc062723c751e8b465ee728b)  -> (artifact id: '5a689bbd34ba0eead5ad75c64bac458c') in 0.018623 seconds 
========================================================================
Received Import Request.
  Time since last request: 0.000051 seconds.
  path: Assets/FireFlameShader/Models/materials/base/__dawnbreaker_base_tintByBaseMask1.tga
  artifactKey: Guid(1f2ee8c931330de46a49b62f1f7326c2) Importer(815301076,1909f56bfc062723c751e8b465ee728b)
Start importing Assets/FireFlameShader/Models/materials/base/__dawnbreaker_base_tintByBaseMask1.tga using Guid(1f2ee8c931330de46a49b62f1f7326c2) Importer(815301076,1909f56bfc062723c751e8b465ee728b)  -> (artifact id: 'a1c08a0d7c5cdd74a071e68e3ea4a38f') in 0.013433 seconds 
========================================================================
Received Import Request.
  Time since last request: 0.000023 seconds.
  path: Assets/FireFlameShader/Models/materials/base/__dawnbreaker_base_selfIllumMask.tga
  artifactKey: Guid(975d75d847c77c046bac4e22cbd01c8b) Importer(815301076,1909f56bfc062723c751e8b465ee728b)
Start importing Assets/FireFlameShader/Models/materials/base/__dawnbreaker_base_selfIllumMask.tga using Guid(975d75d847c77c046bac4e22cbd01c8b) Importer(815301076,1909f56bfc062723c751e8b465ee728b)  -> (artifact id: '6b52716069696092d4a54771b2d20cd0') in 0.012195 seconds 
========================================================================
Received Prepare
Registering precompiled user dll's ...
Registered in 0.005593 seconds.
Begin MonoManager ReloadAssembly
Symbol file LoadedFromMemory doesn't match image C:\Users\Egemen\Documents\GitHub\Unity-Shader-Collections\ShaderGraph\Library\PackageCache\com.unity.visualscripting@1.7.8\Editor\VisualScripting.Core\Dependencies\YamlDotNet\Unity.VisualScripting.YamlDotNet.dll
Symbol file LoadedFromMemory doesn't match image C:\Users\Egemen\Documents\GitHub\Unity-Shader-Collections\ShaderGraph\Library\PackageCache\com.unity.visualscripting@1.7.8\Editor\VisualScripting.Core\Dependencies\DotNetZip\Unity.VisualScripting.IonicZip.dll
Native extension for WindowsStandalone target not found
Native extension for WebGL target not found
Refreshing native plugins compatible for Editor in 1.56 ms, found 5 plugins.
Preloading 0 native plugins for Editor in 0.00 ms.
Mono: successfully reloaded assembly
- Completed reload, in  1.144 seconds
Domain Reload Profiling:
	ReloadAssembly (1144ms)
		BeginReloadAssembly (139ms)
			ExecutionOrderSort (0ms)
			DisableScriptedObjects (5ms)
			BackupInstance (0ms)
			ReleaseScriptingObjects (0ms)
			CreateAndSetChildDomain (46ms)
		EndReloadAssembly (911ms)
			LoadAssemblies (84ms)
			RebuildTransferFunctionScriptingTraits (0ms)
			SetupTypeCache (275ms)
			ReleaseScriptCaches (2ms)
			RebuildScriptCaches (49ms)
			SetupLoadedEditorAssemblies (450ms)
				LogAssemblyErrors (0ms)
				InitializePlatformSupportModulesInManaged (16ms)
				SetLoadedEditorAssemblies (1ms)
				RefreshPlugins (2ms)
				BeforeProcessingInitializeOnLoad (94ms)
				ProcessInitializeOnLoadAttributes (251ms)
				ProcessInitializeOnLoadMethodAttributes (78ms)
				AfterProcessingInitializeOnLoad (9ms)
				EditorAssembliesLoaded (0ms)
			ExecutionOrderSort2 (0ms)
			AwakeInstancesAfterBackupRestoration (7ms)
Platform modules already initialized, skipping
Refreshing native plugins compatible for Editor in 3.51 ms, found 5 plugins.
Preloading 0 native plugins for Editor in 0.00 ms.
Unloading 4548 Unused Serialized files (Serialized files now loaded: 0)
Unloading 35 unused Assets / (1.5 MB). Loaded Objects now: 5125.
Memory consumption went from 178.2 MB to 176.6 MB.
Total: 4.485100 ms (FindLiveObjects: 0.392200 ms CreateObjectMapping: 0.439000 ms MarkObjects: 3.358500 ms  DeleteObjects: 0.294200 ms)

AssetImportParameters requested are different than current active one (requested -> active):
  custom:video-decoder-ogg-theora: a1e56fd34408186e4bbccfd4996cb3dc -> 
  custom:container-muxer-webm: aa71ff27fc2769a1b78a27578f13a17b -> 
  custom:container-demuxer-webm: 4f35f7cbe854078d1ac9338744f61a02 -> 
  custom:video-encoder-webm-vp8: eb34c28f22e8b96e1ab97ce403110664 -> 
  custom:audio-encoder-webm-vorbis: bf7c407c2cedff20999df2af8eb42d56 -> 
  custom:framework-win-MediaFoundation: 216162199b28c13a410421893ffa2e32 -> 
  custom:container-demuxer-ogg: 62fdf1f143b41e24485cea50d1cbac27 -> 
  custom:video-decoder-webm-vp8: 9c59270c3fd7afecdb556c50c9e8de78 -> 
  custom:audio-decoder-ogg-vorbis: bf7c407c2cedff20999df2af8eb42d56 -> 
========================================================================
Received Import Request.
  Time since last request: 586.734481 seconds.
  path: Assets/FireFlameShader/Materials/HairBase.mat
  artifactKey: Guid(28db6ac151b3b4f4dbfea0ea5f69fa8b) Importer(815301076,1909f56bfc062723c751e8b465ee728b)
Start importing Assets/FireFlameShader/Materials/HairBase.mat using Guid(28db6ac151b3b4f4dbfea0ea5f69fa8b) Importer(815301076,1909f56bfc062723c751e8b465ee728b)  -> (artifact id: 'd9adf0413db3c8c93fb4f179f56caca8') in 0.086895 seconds 
========================================================================
Received Import Request.
  Time since last request: 13.558202 seconds.
  path: Assets/FireFlameShader/Materials/DawnBreaker/blinn4.mat
  artifactKey: Guid(5079d1502afe6424489469696310e72c) Importer(815301076,1909f56bfc062723c751e8b465ee728b)
Start importing Assets/FireFlameShader/Materials/DawnBreaker/blinn4.mat using Guid(5079d1502afe6424489469696310e72c) Importer(815301076,1909f56bfc062723c751e8b465ee728b)  -> (artifact id: '71601c064d21d92b3e3674dc9111e46a') in 0.129003 seconds 
========================================================================
Received Import Request.
  Time since last request: 0.000034 seconds.
  path: Assets/FireFlameShader/Materials/DawnBreaker/blinn8.mat
  artifactKey: Guid(96aea0d142ab9b543853999667dbf449) Importer(815301076,1909f56bfc062723c751e8b465ee728b)
Start importing Assets/FireFlameShader/Materials/DawnBreaker/blinn8.mat using Guid(96aea0d142ab9b543853999667dbf449) Importer(815301076,1909f56bfc062723c751e8b465ee728b)  -> (artifact id: '36ed3dab47f8d0e635a5f600f6c8326a') in 0.020961 seconds 
Editor requested this worker to shutdown with reason: Scaling down because of idle timeout
AssetImportWorker is now disconnected from the server
Process exiting
Exiting without the bug reporter. Application will terminate with return code 0