Using pre-set license
Built from '2021.3/staging' branch; Version is '2021.3.16f1 (4016570cf34f) revision 4200023'; Using compiler version '192829333'; Build Type 'Release'
OS: 'Windows 10  (10.0.19044) 64bit Professional' Language: 'tr' Physical Memory: 14188 MB
BatchMode: 1, IsHumanControllingUs: 0, StartBugReporterOnCrash: 0, Is64bit: 1, IsPro: 1

COMMAND LINE ARGUMENTS:
C:\Program Files\Unity\Hub\Editor\2021.3.16f1\Editor\Unity.exe
-adb2
-batchMode
-noUpm
-name
AssetImportWorker7
-projectPath
C:/Users/Egemen/Documents/GitHub/Unity-Shader-Collections/ShaderGraph
-logFile
Logs/AssetImportWorker7.log
-srvPort
57211
Successfully changed project path to: C:/Users/Egemen/Documents/GitHub/Unity-Shader-Collections/ShaderGraph
C:/Users/Egemen/Documents/GitHub/Unity-Shader-Collections/ShaderGraph
[UnityMemory] Configuration Parameters - Can be set up in boot.config
    "memorysetup-bucket-allocator-granularity=16"
    "memorysetup-bucket-allocator-bucket-count=8"
    "memorysetup-bucket-allocator-block-size=33554432"
    "memorysetup-bucket-allocator-block-count=8"
    "memorysetup-main-allocator-block-size=16777216"
    "memorysetup-thread-allocator-block-size=16777216"
    "memorysetup-gfx-main-allocator-block-size=16777216"
    "memorysetup-gfx-thread-allocator-block-size=16777216"
    "memorysetup-cache-allocator-block-size=4194304"
    "memorysetup-typetree-allocator-block-size=2097152"
    "memorysetup-profiler-bucket-allocator-granularity=16"
    "memorysetup-profiler-bucket-allocator-bucket-count=8"
    "memorysetup-profiler-bucket-allocator-block-size=33554432"
    "memorysetup-profiler-bucket-allocator-block-count=8"
    "memorysetup-profiler-allocator-block-size=16777216"
    "memorysetup-profiler-editor-allocator-block-size=1048576"
    "memorysetup-temp-allocator-size-main=16777216"
    "memorysetup-job-temp-allocator-block-size=2097152"
    "memorysetup-job-temp-allocator-block-size-background=1048576"
    "memorysetup-job-temp-allocator-reduction-small-platforms=262144"
    "memorysetup-temp-allocator-size-background-worker=32768"
    "memorysetup-temp-allocator-size-job-worker=262144"
    "memorysetup-temp-allocator-size-preload-manager=33554432"
    "memorysetup-temp-allocator-size-nav-mesh-worker=65536"
    "memorysetup-temp-allocator-size-audio-worker=65536"
    "memorysetup-temp-allocator-size-cloud-worker=32768"
    "memorysetup-temp-allocator-size-gi-baking-worker=262144"
    "memorysetup-temp-allocator-size-gfx=262144"
Player connection [12920] Host "[IP] 26.202.36.232 [Port] 0 [Flags] 2 [Guid] 2489700349 [EditorId] 2489700349 [Version] 1048832 [Id] WindowsEditor(7,DESKTOP-6NUMKD8) [Debug] 1 [PackageName] WindowsEditor [ProjectName] Editor" joined multi-casting on [225.0.0.222:54997]...

Player connection [12920] Host "[IP] 26.202.36.232 [Port] 0 [Flags] 2 [Guid] 2489700349 [EditorId] 2489700349 [Version] 1048832 [Id] WindowsEditor(7,DESKTOP-6NUMKD8) [Debug] 1 [PackageName] WindowsEditor [ProjectName] Editor" joined alternative multi-casting on [225.0.0.222:34997]...

Refreshing native plugins compatible for Editor in 97.49 ms, found 5 plugins.
Preloading 0 native plugins for Editor in 0.00 ms.
Initialize engine version: 2021.3.16f1 (4016570cf34f)
[Subsystems] Discovering subsystems at path C:/Program Files/Unity/Hub/Editor/2021.3.16f1/Editor/Data/Resources/UnitySubsystems
[Subsystems] Discovering subsystems at path C:/Users/Egemen/Documents/GitHub/Unity-Shader-Collections/ShaderGraph/Assets
GfxDevice: creating device client; threaded=0; jobified=0
Direct3D:
    Version:  Direct3D 11.0 [level 11.1]
    Renderer: NVIDIA GeForce RTX 3050 Ti Laptop GPU (ID=0x25a0)
    Vendor:   NVIDIA
    VRAM:     3978 MB
    Driver:   31.0.15.2824
Initialize mono
Mono path[0] = 'C:/Program Files/Unity/Hub/Editor/2021.3.16f1/Editor/Data/Managed'
Mono path[1] = 'C:/Program Files/Unity/Hub/Editor/2021.3.16f1/Editor/Data/MonoBleedingEdge/lib/mono/unityjit-win32'
Mono config path = 'C:/Program Files/Unity/Hub/Editor/2021.3.16f1/Editor/Data/MonoBleedingEdge/etc'
Using monoOptions --debugger-agent=transport=dt_socket,embedding=1,server=y,suspend=n,address=127.0.0.1:56028
Begin MonoManager ReloadAssembly
Registering precompiled unity dll's ...
Register platform support module: C:/Program Files/Unity/Hub/Editor/2021.3.16f1/Editor/Data/PlaybackEngines/WebGLSupport/UnityEditor.WebGL.Extensions.dll
Register platform support module: C:/Program Files/Unity/Hub/Editor/2021.3.16f1/Editor/Data/PlaybackEngines/WindowsStandaloneSupport/UnityEditor.WindowsStandalone.Extensions.dll
Registered in 0.007978 seconds.
Native extension for WindowsStandalone target not found
Native extension for WebGL target not found
Refreshing native plugins compatible for Editor in 95.64 ms, found 5 plugins.
Preloading 0 native plugins for Editor in 0.00 ms.
Mono: successfully reloaded assembly
- Completed reload, in  0.654 seconds
Domain Reload Profiling:
	ReloadAssembly (655ms)
		BeginReloadAssembly (75ms)
			ExecutionOrderSort (0ms)
			DisableScriptedObjects (0ms)
			BackupInstance (0ms)
			ReleaseScriptingObjects (0ms)
			CreateAndSetChildDomain (1ms)
		EndReloadAssembly (466ms)
			LoadAssemblies (72ms)
			RebuildTransferFunctionScriptingTraits (0ms)
			SetupTypeCache (101ms)
			ReleaseScriptCaches (0ms)
			RebuildScriptCaches (26ms)
			SetupLoadedEditorAssemblies (284ms)
				LogAssemblyErrors (0ms)
				InitializePlatformSupportModulesInManaged (10ms)
				SetLoadedEditorAssemblies (0ms)
				RefreshPlugins (96ms)
				BeforeProcessingInitializeOnLoad (2ms)
				ProcessInitializeOnLoadAttributes (128ms)
				ProcessInitializeOnLoadMethodAttributes (48ms)
				AfterProcessingInitializeOnLoad (0ms)
				EditorAssembliesLoaded (0ms)
			ExecutionOrderSort2 (0ms)
			AwakeInstancesAfterBackupRestoration (0ms)
Platform modules already initialized, skipping
Registering precompiled user dll's ...
Registered in 0.006722 seconds.
Begin MonoManager ReloadAssembly
Symbol file LoadedFromMemory doesn't match image C:\Users\Egemen\Documents\GitHub\Unity-Shader-Collections\ShaderGraph\Library\PackageCache\com.unity.visualscripting@1.7.8\Editor\VisualScripting.Core\Dependencies\YamlDotNet\Unity.VisualScripting.YamlDotNet.dll
Symbol file LoadedFromMemory doesn't match image C:\Users\Egemen\Documents\GitHub\Unity-Shader-Collections\ShaderGraph\Library\PackageCache\com.unity.visualscripting@1.7.8\Editor\VisualScripting.Core\Dependencies\DotNetZip\Unity.VisualScripting.IonicZip.dll
Native extension for WindowsStandalone target not found
Native extension for WebGL target not found
Refreshing native plugins compatible for Editor in 96.87 ms, found 5 plugins.
Preloading 0 native plugins for Editor in 0.00 ms.
Mono: successfully reloaded assembly
- Completed reload, in  1.319 seconds
Domain Reload Profiling:
	ReloadAssembly (1320ms)
		BeginReloadAssembly (119ms)
			ExecutionOrderSort (0ms)
			DisableScriptedObjects (6ms)
			BackupInstance (0ms)
			ReleaseScriptingObjects (0ms)
			CreateAndSetChildDomain (24ms)
		EndReloadAssembly (1080ms)
			LoadAssemblies (96ms)
			RebuildTransferFunctionScriptingTraits (0ms)
			SetupTypeCache (308ms)
			ReleaseScriptCaches (1ms)
			RebuildScriptCaches (60ms)
			SetupLoadedEditorAssemblies (567ms)
				LogAssemblyErrors (0ms)
				InitializePlatformSupportModulesInManaged (7ms)
				SetLoadedEditorAssemblies (0ms)
				RefreshPlugins (97ms)
				BeforeProcessingInitializeOnLoad (114ms)
				ProcessInitializeOnLoadAttributes (264ms)
				ProcessInitializeOnLoadMethodAttributes (74ms)
				AfterProcessingInitializeOnLoad (10ms)
				EditorAssembliesLoaded (0ms)
			ExecutionOrderSort2 (0ms)
			AwakeInstancesAfterBackupRestoration (6ms)
Platform modules already initialized, skipping
========================================================================
Worker process is ready to serve import requests
Launched and connected shader compiler UnityShaderCompiler.exe after 0.05 seconds
Refreshing native plugins compatible for Editor in 0.88 ms, found 5 plugins.
Preloading 0 native plugins for Editor in 0.00 ms.
Unloading 4601 Unused Serialized files (Serialized files now loaded: 0)
Unloading 42 unused Assets / (1.6 MB). Loaded Objects now: 5050.
Memory consumption went from 238.6 MB to 237.0 MB.
Total: 3.555700 ms (FindLiveObjects: 0.298600 ms CreateObjectMapping: 0.252300 ms MarkObjects: 2.670000 ms  DeleteObjects: 0.333700 ms)

AssetImportParameters requested are different than current active one (requested -> active):
  custom:video-decoder-ogg-theora: a1e56fd34408186e4bbccfd4996cb3dc -> 
  custom:container-muxer-webm: aa71ff27fc2769a1b78a27578f13a17b -> 
  custom:container-demuxer-webm: 4f35f7cbe854078d1ac9338744f61a02 -> 
  custom:video-encoder-webm-vp8: eb34c28f22e8b96e1ab97ce403110664 -> 
  custom:audio-encoder-webm-vorbis: bf7c407c2cedff20999df2af8eb42d56 -> 
  custom:framework-win-MediaFoundation: 216162199b28c13a410421893ffa2e32 -> 
  custom:container-demuxer-ogg: 62fdf1f143b41e24485cea50d1cbac27 -> 
  custom:video-decoder-webm-vp8: 9c59270c3fd7afecdb556c50c9e8de78 -> 
  custom:audio-decoder-ogg-vorbis: bf7c407c2cedff20999df2af8eb42d56 -> 
========================================================================
Received Import Request.
  Time since last request: 156379.187404 seconds.
  path: Assets/DawnBreaker/Models/Razor/razor_arms.fbx
  artifactKey: Guid(b66a53c446a0e984bb5bb6f41371ea93) Importer(815301076,1909f56bfc062723c751e8b465ee728b)
Start importing Assets/DawnBreaker/Models/Razor/razor_arms.fbx using Guid(b66a53c446a0e984bb5bb6f41371ea93) Importer(815301076,1909f56bfc062723c751e8b465ee728b)  -> (artifact id: 'c7c0da85e0f5377f1171dcfb42a1cf90') in 0.192586 seconds 
========================================================================
Received Import Request.
  Time since last request: 29.246722 seconds.
  path: Assets/DawnBreaker/Materials/Razor/razor_armor_masks2.tga
  artifactKey: Guid(67338125ffcbc7647b50bfb96ee2292a) Importer(815301076,1909f56bfc062723c751e8b465ee728b)
Start importing Assets/DawnBreaker/Materials/Razor/razor_armor_masks2.tga using Guid(67338125ffcbc7647b50bfb96ee2292a) Importer(815301076,1909f56bfc062723c751e8b465ee728b)  -> (artifact id: 'cd8142727b7a6a832b44860da39c9abe') in 0.035672 seconds 
========================================================================
Received Import Request.
  Time since last request: 0.000043 seconds.
  path: Assets/DawnBreaker/Materials/Razor/razor_weapon_masks1.tga
  artifactKey: Guid(31cd240ef4976f74dbf67e2845b6ac30) Importer(815301076,1909f56bfc062723c751e8b465ee728b)
Start importing Assets/DawnBreaker/Materials/Razor/razor_weapon_masks1.tga using Guid(31cd240ef4976f74dbf67e2845b6ac30) Importer(815301076,1909f56bfc062723c751e8b465ee728b)  -> (artifact id: '9053acb6346b007cc017c314f85dc1d8') in 0.021826 seconds 
========================================================================
Received Import Request.
  Time since last request: 0.000052 seconds.
  path: Assets/DawnBreaker/Materials/Razor/razor_weapon_color.tga
  artifactKey: Guid(7cbed6aadfde47145973fa088741388a) Importer(815301076,1909f56bfc062723c751e8b465ee728b)
Start importing Assets/DawnBreaker/Materials/Razor/razor_weapon_color.tga using Guid(7cbed6aadfde47145973fa088741388a) Importer(815301076,1909f56bfc062723c751e8b465ee728b)  -> (artifact id: '910e4b0c125e5fbfdca47ea4e66386d6') in 0.021301 seconds 
========================================================================
Received Import Request.
  Time since last request: 0.000033 seconds.
  path: Assets/DawnBreaker/Materials/Razor/razor_head_color.tga
  artifactKey: Guid(405439550fc36c044b3519b3d1f23e75) Importer(815301076,1909f56bfc062723c751e8b465ee728b)
Start importing Assets/DawnBreaker/Materials/Razor/razor_head_color.tga using Guid(405439550fc36c044b3519b3d1f23e75) Importer(815301076,1909f56bfc062723c751e8b465ee728b)  -> (artifact id: '2cfec6986ff5b219fca29d681263684f') in 0.018185 seconds 
========================================================================
Received Import Request.
  Time since last request: 0.000040 seconds.
  path: Assets/DawnBreaker/Materials/Razor/razor_weapon_normal.tga
  artifactKey: Guid(c5f6b04d2a33e2f4cb5027fc8b1f86be) Importer(815301076,1909f56bfc062723c751e8b465ee728b)
Start importing Assets/DawnBreaker/Materials/Razor/razor_weapon_normal.tga using Guid(c5f6b04d2a33e2f4cb5027fc8b1f86be) Importer(815301076,1909f56bfc062723c751e8b465ee728b)  -> (artifact id: 'bef2f75247aa86d047470fc0ecd1aff9') in 0.020683 seconds 
========================================================================
Received Import Request.
  Time since last request: 0.000034 seconds.
  path: Assets/DawnBreaker/Materials/Razor/razor_armor_normal.tga
  artifactKey: Guid(727feb48ac4d90f4ab9897ed265c39c7) Importer(815301076,1909f56bfc062723c751e8b465ee728b)
Start importing Assets/DawnBreaker/Materials/Razor/razor_armor_normal.tga using Guid(727feb48ac4d90f4ab9897ed265c39c7) Importer(815301076,1909f56bfc062723c751e8b465ee728b)  -> (artifact id: '013dd64215d3b88fefb3b2a6a73ec73b') in 0.018065 seconds 
========================================================================
Received Import Request.
  Time since last request: 0.000031 seconds.
  path: Assets/DawnBreaker/Materials/Razor/razor_bracers_masks1.tga
  artifactKey: Guid(eb75c9604d028da4bae8b07f9e71b305) Importer(815301076,1909f56bfc062723c751e8b465ee728b)
Start importing Assets/DawnBreaker/Materials/Razor/razor_bracers_masks1.tga using Guid(eb75c9604d028da4bae8b07f9e71b305) Importer(815301076,1909f56bfc062723c751e8b465ee728b)  -> (artifact id: '08eeb3a4e0e95e7bf04963709813a782') in 0.020421 seconds 
========================================================================
Received Import Request.
  Time since last request: 0.000026 seconds.
  path: Assets/DawnBreaker/Materials/Razor/razor_masks1.tga
  artifactKey: Guid(1447198c4ed9622469b62d52485ea77b) Importer(815301076,1909f56bfc062723c751e8b465ee728b)
Start importing Assets/DawnBreaker/Materials/Razor/razor_masks1.tga using Guid(1447198c4ed9622469b62d52485ea77b) Importer(815301076,1909f56bfc062723c751e8b465ee728b)  -> (artifact id: 'fd3a4649662d755933c8f7fef0506621') in 0.016029 seconds 
Editor requested this worker to shutdown with reason: Scaling down because of idle timeout
AssetImportWorker is now disconnected from the server
Process exiting
Exiting without the bug reporter. Application will terminate with return code 0