Using pre-set license
Built from '2021.3/staging' branch; Version is '2021.3.16f1 (4016570cf34f) revision 4200023'; Using compiler version '192829333'; Build Type 'Release'
OS: 'Windows 10  (10.0.19044) 64bit Professional' Language: 'tr' Physical Memory: 14188 MB
BatchMode: 1, IsHumanControllingUs: 0, StartBugReporterOnCrash: 0, Is64bit: 1, IsPro: 1

COMMAND LINE ARGUMENTS:
C:\Program Files\Unity\Hub\Editor\2021.3.16f1\Editor\Unity.exe
-adb2
-batchMode
-noUpm
-name
AssetImportWorker8
-projectPath
C:/Users/Egemen/Documents/GitHub/Unity-Shader-Collections/ShaderGraph
-logFile
Logs/AssetImportWorker8.log
-srvPort
57211
Successfully changed project path to: C:/Users/Egemen/Documents/GitHub/Unity-Shader-Collections/ShaderGraph
C:/Users/Egemen/Documents/GitHub/Unity-Shader-Collections/ShaderGraph
[UnityMemory] Configuration Parameters - Can be set up in boot.config
    "memorysetup-bucket-allocator-granularity=16"
    "memorysetup-bucket-allocator-bucket-count=8"
    "memorysetup-bucket-allocator-block-size=33554432"
    "memorysetup-bucket-allocator-block-count=8"
    "memorysetup-main-allocator-block-size=16777216"
    "memorysetup-thread-allocator-block-size=16777216"
    "memorysetup-gfx-main-allocator-block-size=16777216"
    "memorysetup-gfx-thread-allocator-block-size=16777216"
    "memorysetup-cache-allocator-block-size=4194304"
    "memorysetup-typetree-allocator-block-size=2097152"
    "memorysetup-profiler-bucket-allocator-granularity=16"
    "memorysetup-profiler-bucket-allocator-bucket-count=8"
    "memorysetup-profiler-bucket-allocator-block-size=33554432"
    "memorysetup-profiler-bucket-allocator-block-count=8"
    "memorysetup-profiler-allocator-block-size=16777216"
    "memorysetup-profiler-editor-allocator-block-size=1048576"
    "memorysetup-temp-allocator-size-main=16777216"
    "memorysetup-job-temp-allocator-block-size=2097152"
    "memorysetup-job-temp-allocator-block-size-background=1048576"
    "memorysetup-job-temp-allocator-reduction-small-platforms=262144"
    "memorysetup-temp-allocator-size-background-worker=32768"
    "memorysetup-temp-allocator-size-job-worker=262144"
    "memorysetup-temp-allocator-size-preload-manager=33554432"
    "memorysetup-temp-allocator-size-nav-mesh-worker=65536"
    "memorysetup-temp-allocator-size-audio-worker=65536"
    "memorysetup-temp-allocator-size-cloud-worker=32768"
    "memorysetup-temp-allocator-size-gi-baking-worker=262144"
    "memorysetup-temp-allocator-size-gfx=262144"
Player connection [27076] Host "[IP] 26.202.36.232 [Port] 0 [Flags] 2 [Guid] 1627625513 [EditorId] 1627625513 [Version] 1048832 [Id] WindowsEditor(7,DESKTOP-6NUMKD8) [Debug] 1 [PackageName] WindowsEditor [ProjectName] Editor" joined multi-casting on [225.0.0.222:54997]...

Player connection [27076] Host "[IP] 26.202.36.232 [Port] 0 [Flags] 2 [Guid] 1627625513 [EditorId] 1627625513 [Version] 1048832 [Id] WindowsEditor(7,DESKTOP-6NUMKD8) [Debug] 1 [PackageName] WindowsEditor [ProjectName] Editor" joined alternative multi-casting on [225.0.0.222:34997]...

Refreshing native plugins compatible for Editor in 92.80 ms, found 5 plugins.
Preloading 0 native plugins for Editor in 0.00 ms.
Initialize engine version: 2021.3.16f1 (4016570cf34f)
[Subsystems] Discovering subsystems at path C:/Program Files/Unity/Hub/Editor/2021.3.16f1/Editor/Data/Resources/UnitySubsystems
[Subsystems] Discovering subsystems at path C:/Users/Egemen/Documents/GitHub/Unity-Shader-Collections/ShaderGraph/Assets
GfxDevice: creating device client; threaded=0; jobified=0
Direct3D:
    Version:  Direct3D 11.0 [level 11.1]
    Renderer: NVIDIA GeForce RTX 3050 Ti Laptop GPU (ID=0x25a0)
    Vendor:   NVIDIA
    VRAM:     3978 MB
    Driver:   31.0.15.2824
Initialize mono
Mono path[0] = 'C:/Program Files/Unity/Hub/Editor/2021.3.16f1/Editor/Data/Managed'
Mono path[1] = 'C:/Program Files/Unity/Hub/Editor/2021.3.16f1/Editor/Data/MonoBleedingEdge/lib/mono/unityjit-win32'
Mono config path = 'C:/Program Files/Unity/Hub/Editor/2021.3.16f1/Editor/Data/MonoBleedingEdge/etc'
Using monoOptions --debugger-agent=transport=dt_socket,embedding=1,server=y,suspend=n,address=127.0.0.1:56868
Begin MonoManager ReloadAssembly
Registering precompiled unity dll's ...
Register platform support module: C:/Program Files/Unity/Hub/Editor/2021.3.16f1/Editor/Data/PlaybackEngines/WebGLSupport/UnityEditor.WebGL.Extensions.dll
Register platform support module: C:/Program Files/Unity/Hub/Editor/2021.3.16f1/Editor/Data/PlaybackEngines/WindowsStandaloneSupport/UnityEditor.WindowsStandalone.Extensions.dll
Registered in 0.007115 seconds.
Native extension for WindowsStandalone target not found
Native extension for WebGL target not found
Refreshing native plugins compatible for Editor in 86.69 ms, found 5 plugins.
Preloading 0 native plugins for Editor in 0.00 ms.
Mono: successfully reloaded assembly
- Completed reload, in  0.566 seconds
Domain Reload Profiling:
	ReloadAssembly (567ms)
		BeginReloadAssembly (76ms)
			ExecutionOrderSort (0ms)
			DisableScriptedObjects (0ms)
			BackupInstance (0ms)
			ReleaseScriptingObjects (0ms)
			CreateAndSetChildDomain (1ms)
		EndReloadAssembly (395ms)
			LoadAssemblies (74ms)
			RebuildTransferFunctionScriptingTraits (0ms)
			SetupTypeCache (85ms)
			ReleaseScriptCaches (0ms)
			RebuildScriptCaches (23ms)
			SetupLoadedEditorAssemblies (241ms)
				LogAssemblyErrors (0ms)
				InitializePlatformSupportModulesInManaged (8ms)
				SetLoadedEditorAssemblies (0ms)
				RefreshPlugins (87ms)
				BeforeProcessingInitializeOnLoad (1ms)
				ProcessInitializeOnLoadAttributes (107ms)
				ProcessInitializeOnLoadMethodAttributes (38ms)
				AfterProcessingInitializeOnLoad (0ms)
				EditorAssembliesLoaded (0ms)
			ExecutionOrderSort2 (0ms)
			AwakeInstancesAfterBackupRestoration (0ms)
Platform modules already initialized, skipping
Registering precompiled user dll's ...
Registered in 0.005798 seconds.
Begin MonoManager ReloadAssembly
Symbol file LoadedFromMemory doesn't match image C:\Users\Egemen\Documents\GitHub\Unity-Shader-Collections\ShaderGraph\Library\PackageCache\com.unity.visualscripting@1.7.8\Editor\VisualScripting.Core\Dependencies\YamlDotNet\Unity.VisualScripting.YamlDotNet.dll
Symbol file LoadedFromMemory doesn't match image C:\Users\Egemen\Documents\GitHub\Unity-Shader-Collections\ShaderGraph\Library\PackageCache\com.unity.visualscripting@1.7.8\Editor\VisualScripting.Core\Dependencies\DotNetZip\Unity.VisualScripting.IonicZip.dll
Native extension for WindowsStandalone target not found
Native extension for WebGL target not found
Refreshing native plugins compatible for Editor in 80.01 ms, found 5 plugins.
Preloading 0 native plugins for Editor in 0.00 ms.
Mono: successfully reloaded assembly
- Completed reload, in  1.058 seconds
Domain Reload Profiling:
	ReloadAssembly (1058ms)
		BeginReloadAssembly (95ms)
			ExecutionOrderSort (0ms)
			DisableScriptedObjects (5ms)
			BackupInstance (0ms)
			ReleaseScriptingObjects (0ms)
			CreateAndSetChildDomain (18ms)
		EndReloadAssembly (864ms)
			LoadAssemblies (78ms)
			RebuildTransferFunctionScriptingTraits (0ms)
			SetupTypeCache (234ms)
			ReleaseScriptCaches (1ms)
			RebuildScriptCaches (48ms)
			SetupLoadedEditorAssemblies (464ms)
				LogAssemblyErrors (0ms)
				InitializePlatformSupportModulesInManaged (5ms)
				SetLoadedEditorAssemblies (0ms)
				RefreshPlugins (80ms)
				BeforeProcessingInitializeOnLoad (98ms)
				ProcessInitializeOnLoadAttributes (211ms)
				ProcessInitializeOnLoadMethodAttributes (62ms)
				AfterProcessingInitializeOnLoad (7ms)
				EditorAssembliesLoaded (0ms)
			ExecutionOrderSort2 (0ms)
			AwakeInstancesAfterBackupRestoration (5ms)
Platform modules already initialized, skipping
========================================================================
Worker process is ready to serve import requests
Launched and connected shader compiler UnityShaderCompiler.exe after 0.04 seconds
Refreshing native plugins compatible for Editor in 0.78 ms, found 5 plugins.
Preloading 0 native plugins for Editor in 0.00 ms.
Unloading 4601 Unused Serialized files (Serialized files now loaded: 0)
Unloading 42 unused Assets / (1.6 MB). Loaded Objects now: 5050.
Memory consumption went from 238.6 MB to 237.0 MB.
Total: 3.459500 ms (FindLiveObjects: 0.293800 ms CreateObjectMapping: 0.245000 ms MarkObjects: 2.558100 ms  DeleteObjects: 0.361500 ms)

AssetImportParameters requested are different than current active one (requested -> active):
  custom:video-decoder-ogg-theora: a1e56fd34408186e4bbccfd4996cb3dc -> 
  custom:container-muxer-webm: aa71ff27fc2769a1b78a27578f13a17b -> 
  custom:container-demuxer-webm: 4f35f7cbe854078d1ac9338744f61a02 -> 
  custom:video-encoder-webm-vp8: eb34c28f22e8b96e1ab97ce403110664 -> 
  custom:audio-encoder-webm-vorbis: bf7c407c2cedff20999df2af8eb42d56 -> 
  custom:framework-win-MediaFoundation: 216162199b28c13a410421893ffa2e32 -> 
  custom:container-demuxer-ogg: 62fdf1f143b41e24485cea50d1cbac27 -> 
  custom:video-decoder-webm-vp8: 9c59270c3fd7afecdb556c50c9e8de78 -> 
  custom:audio-decoder-ogg-vorbis: bf7c407c2cedff20999df2af8eb42d56 -> 
========================================================================
Received Import Request.
  Time since last request: 156408.635081 seconds.
  path: Assets/DawnBreaker/Materials/Razor/razor_armor_masks1.tga
  artifactKey: Guid(250f9443a06a6b642aeab7a6c54b1d46) Importer(815301076,1909f56bfc062723c751e8b465ee728b)
Start importing Assets/DawnBreaker/Materials/Razor/razor_armor_masks1.tga using Guid(250f9443a06a6b642aeab7a6c54b1d46) Importer(815301076,1909f56bfc062723c751e8b465ee728b)  -> (artifact id: '14c72d6bb25371f56fab7e7ffc786084') in 0.085609 seconds 
========================================================================
Received Import Request.
  Time since last request: 0.000031 seconds.
  path: Assets/DawnBreaker/Materials/Razor/razor_head_masks2.tga
  artifactKey: Guid(b7731fd7b23bda244b5f5677db3512ff) Importer(815301076,1909f56bfc062723c751e8b465ee728b)
Start importing Assets/DawnBreaker/Materials/Razor/razor_head_masks2.tga using Guid(b7731fd7b23bda244b5f5677db3512ff) Importer(815301076,1909f56bfc062723c751e8b465ee728b)  -> (artifact id: '7bcf6a780696147642bf972d7b024956') in 0.025626 seconds 
========================================================================
Received Import Request.
  Time since last request: 0.000029 seconds.
  path: Assets/DawnBreaker/Materials/Razor/razor_bracers_normal.tga
  artifactKey: Guid(10e0ded6dc0da2941ac3e79a39d1a3f6) Importer(815301076,1909f56bfc062723c751e8b465ee728b)
Start importing Assets/DawnBreaker/Materials/Razor/razor_bracers_normal.tga using Guid(10e0ded6dc0da2941ac3e79a39d1a3f6) Importer(815301076,1909f56bfc062723c751e8b465ee728b)  -> (artifact id: '7532300d591a090940812fd3911438ff') in 0.017060 seconds 
========================================================================
Received Import Request.
  Time since last request: 0.000036 seconds.
  path: Assets/DawnBreaker/Materials/Razor/razor_normal.tga
  artifactKey: Guid(3419b4622d8ddb847993c6f21a35e49a) Importer(815301076,1909f56bfc062723c751e8b465ee728b)
Start importing Assets/DawnBreaker/Materials/Razor/razor_normal.tga using Guid(3419b4622d8ddb847993c6f21a35e49a) Importer(815301076,1909f56bfc062723c751e8b465ee728b)  -> (artifact id: 'b44b64c90659d524d0f7e710df3a0659') in 0.017805 seconds 
========================================================================
Received Import Request.
  Time since last request: 0.000034 seconds.
  path: Assets/DawnBreaker/Materials/Razor/razor_robe_masks2.tga
  artifactKey: Guid(b8ee38e7515411644a31bdc0fd8dafe3) Importer(815301076,1909f56bfc062723c751e8b465ee728b)
Start importing Assets/DawnBreaker/Materials/Razor/razor_robe_masks2.tga using Guid(b8ee38e7515411644a31bdc0fd8dafe3) Importer(815301076,1909f56bfc062723c751e8b465ee728b)  -> (artifact id: '03671b66addda24c8eb59e0f44538f6b') in 0.019506 seconds 
========================================================================
Received Import Request.
  Time since last request: 0.000036 seconds.
  path: Assets/DawnBreaker/Materials/Razor/razor_color.tga
  artifactKey: Guid(b75e66012dd7c4a47a950f1975d78886) Importer(815301076,1909f56bfc062723c751e8b465ee728b)
Start importing Assets/DawnBreaker/Materials/Razor/razor_color.tga using Guid(b75e66012dd7c4a47a950f1975d78886) Importer(815301076,1909f56bfc062723c751e8b465ee728b)  -> (artifact id: '29bdf90196c183d4b1a95abfafed501a') in 0.016908 seconds 
========================================================================
Received Import Request.
  Time since last request: 0.000037 seconds.
  path: Assets/DawnBreaker/Materials/Razor/razor_head_normal.tga
  artifactKey: Guid(c3f969ada69ee9a4f8ae5e70840dd969) Importer(815301076,1909f56bfc062723c751e8b465ee728b)
Start importing Assets/DawnBreaker/Materials/Razor/razor_head_normal.tga using Guid(c3f969ada69ee9a4f8ae5e70840dd969) Importer(815301076,1909f56bfc062723c751e8b465ee728b)  -> (artifact id: 'a5a9ed9ec31729e8e00b616592f9a9bd') in 0.015668 seconds 
========================================================================
Received Import Request.
  Time since last request: 39.592887 seconds.
  path: Assets/DawnBreaker/Models/Razor/razor_armor_razor_body_mat.mat
  artifactKey: Guid(5d73b4d1dd01e7d41b786331561edced) Importer(815301076,1909f56bfc062723c751e8b465ee728b)
Start importing Assets/DawnBreaker/Models/Razor/razor_armor_razor_body_mat.mat using Guid(5d73b4d1dd01e7d41b786331561edced) Importer(815301076,1909f56bfc062723c751e8b465ee728b)  -> (artifact id: '9215462ee36d8e24c86bc8aa650c1794') in 0.065426 seconds 
========================================================================
Received Import Request.
  Time since last request: 2.596931 seconds.
  path: Assets/DawnBreaker/Models/Razor/razor_bracers_razor_body_mat.mat
  artifactKey: Guid(c35b459a61ee72e40b689692fe9ddffa) Importer(815301076,1909f56bfc062723c751e8b465ee728b)
Start importing Assets/DawnBreaker/Models/Razor/razor_bracers_razor_body_mat.mat using Guid(c35b459a61ee72e40b689692fe9ddffa) Importer(815301076,1909f56bfc062723c751e8b465ee728b)  -> (artifact id: '11799f135364ebcda7bf20e238b5846c') in 0.023536 seconds 
========================================================================
Received Import Request.
  Time since last request: 3.836653 seconds.
  path: Assets/DawnBreaker/Models/Razor/razor_robe_razor_body_mat.mat
  artifactKey: Guid(10ef52d08e081384bad8aec6ef8ee4dc) Importer(815301076,1909f56bfc062723c751e8b465ee728b)
Start importing Assets/DawnBreaker/Models/Razor/razor_robe_razor_body_mat.mat using Guid(10ef52d08e081384bad8aec6ef8ee4dc) Importer(815301076,1909f56bfc062723c751e8b465ee728b)  -> (artifact id: 'd97573b904cdb0d594d5dc65a7323f1f') in 0.014907 seconds 
========================================================================
Received Import Request.
  Time since last request: 3.718173 seconds.
  path: Assets/DawnBreaker/Models/Razor/razor4_razor_body_mat.mat
  artifactKey: Guid(18302f701fa44cd44af3e8ae07e3ca38) Importer(815301076,1909f56bfc062723c751e8b465ee728b)
Start importing Assets/DawnBreaker/Models/Razor/razor4_razor_body_mat.mat using Guid(18302f701fa44cd44af3e8ae07e3ca38) Importer(815301076,1909f56bfc062723c751e8b465ee728b)  -> (artifact id: '5de54746b11c3d5b099771cc8064dc63') in 0.014375 seconds 
========================================================================
Received Import Request.
  Time since last request: 3.242578 seconds.
  path: Assets/DawnBreaker/Models/Razor/razor_head_razor_body_mat.mat
  artifactKey: Guid(65b6a3c70a7935e4ba9552854b0251bf) Importer(815301076,1909f56bfc062723c751e8b465ee728b)
Start importing Assets/DawnBreaker/Models/Razor/razor_head_razor_body_mat.mat using Guid(65b6a3c70a7935e4ba9552854b0251bf) Importer(815301076,1909f56bfc062723c751e8b465ee728b)  -> (artifact id: 'ee253712e237d2dad4b6c63180e7374e') in 0.012703 seconds 
========================================================================
Received Import Request.
  Time since last request: 2.680412 seconds.
  path: Assets/DawnBreaker/Models/Razor/razor_weapon_razor_body_mat.mat
  artifactKey: Guid(09a3c20a58adb654b8747240d9f76865) Importer(815301076,1909f56bfc062723c751e8b465ee728b)
Start importing Assets/DawnBreaker/Models/Razor/razor_weapon_razor_body_mat.mat using Guid(09a3c20a58adb654b8747240d9f76865) Importer(815301076,1909f56bfc062723c751e8b465ee728b)  -> (artifact id: 'f64adadafff3317ba8e84691245aa872') in 0.011889 seconds 
========================================================================
Received Import Request.
  Time since last request: 39.137757 seconds.
  path: Assets/DawnBreaker/Materials/Razor/razor_bracers_normal 1.tga
  artifactKey: Guid(8e106fa51acd5eb4a9041d315d5d98b9) Importer(815301076,1909f56bfc062723c751e8b465ee728b)
Start importing Assets/DawnBreaker/Materials/Razor/razor_bracers_normal 1.tga using Guid(8e106fa51acd5eb4a9041d315d5d98b9) Importer(815301076,1909f56bfc062723c751e8b465ee728b)  -> (artifact id: '0a9711bfdd367b2549fcedbe08e4fac4') in 0.015832 seconds 
========================================================================
Received Import Request.
  Time since last request: 0.000029 seconds.
  path: Assets/DawnBreaker/Materials/Razor/razor_normal 1.tga
  artifactKey: Guid(e9db3c194a890544cbb4d3bbcfefd8d6) Importer(815301076,1909f56bfc062723c751e8b465ee728b)
Start importing Assets/DawnBreaker/Materials/Razor/razor_normal 1.tga using Guid(e9db3c194a890544cbb4d3bbcfefd8d6) Importer(815301076,1909f56bfc062723c751e8b465ee728b)  -> (artifact id: '6601cc9c212e08777a785a89d9826e8b') in 0.016120 seconds 
========================================================================
Received Import Request.
  Time since last request: 0.000044 seconds.
  path: Assets/DawnBreaker/Materials/Razor/razor_robe_normal 1.tga
  artifactKey: Guid(ceb65a735556fbd4fb7e01a30b7bdc5a) Importer(815301076,1909f56bfc062723c751e8b465ee728b)
Start importing Assets/DawnBreaker/Materials/Razor/razor_robe_normal 1.tga using Guid(ceb65a735556fbd4fb7e01a30b7bdc5a) Importer(815301076,1909f56bfc062723c751e8b465ee728b)  -> (artifact id: 'fe01ef809ca69fc54ec53f4dcd381da9') in 0.020198 seconds 
========================================================================
Received Import Request.
  Time since last request: 0.000032 seconds.
  path: Assets/DawnBreaker/Materials/Razor/razor_head_normal 1.tga
  artifactKey: Guid(094fcc0ca91c81542a8443f3f9f6d8ea) Importer(815301076,1909f56bfc062723c751e8b465ee728b)
Start importing Assets/DawnBreaker/Materials/Razor/razor_head_normal 1.tga using Guid(094fcc0ca91c81542a8443f3f9f6d8ea) Importer(815301076,1909f56bfc062723c751e8b465ee728b)  -> (artifact id: '38c9bdd69f5428d49bb7349e6033fc2d') in 0.014615 seconds 
Editor requested this worker to shutdown with reason: Scaling down because of idle timeout
AssetImportWorker is now disconnected from the server
Process exiting
Exiting without the bug reporter. Application will terminate with return code 0